2022-01-19T20:33:29.002556+0300 SUCCESS БОТ СТАРТАНУЛ
2022-01-19T20:44:25.028856+0300 SUCCESS БОТ СТАРТАНУЛ
2022-01-19T20:44:56.214543+0300 DEBUG пользователь 397584737 Нажал стартовую клавиатуру
2022-01-19T20:44:56.214543+0300 SUCCESS Нажали старт
2022-01-19T20:44:59.888815+0300 SUCCESS Преподаватель 397584737 регистрируется
2022-01-19T20:45:20.839070+0300 SUCCESS Пришло сообщение от пользователя 397584737
2022-01-19T20:45:20.840078+0300 SUCCESS m.kostyukevich@kodland.team
2022-01-19T20:45:20.840078+0300 SUCCESS Сообщение от пользователя 397584737 Обрабатывается
2022-01-19T20:45:20.847081+0300 SUCCESS Отправка кода на почту
2022-01-19T20:45:22.542997+0300 SUCCESS Код авторизации: 666475 отправлен на почту m.kostyukevich@kodland.team  пользователю 397584737
2022-01-19T20:45:34.186840+0300 SUCCESS Пришло сообщение от пользователя 397584737
2022-01-19T20:45:34.186840+0300 SUCCESS 666475
2022-01-19T20:45:34.187839+0300 SUCCESS Сообщение от пользователя 397584737 Обрабатывается
2022-01-19T20:45:34.187839+0300 SUCCESS Проверка пина с почты
2022-01-19T20:46:04.800678+0300 SUCCESS Преподаватель 397584737 добавляет группу
2022-01-19T20:48:14.350021+0300 SUCCESS Пришло сообщение от пользователя 397584737
2022-01-19T20:48:14.350021+0300 SUCCESS TEST_GROUP
5
17:00
М1У0
test_course
16
2022-01-19T20:48:14.351031+0300 SUCCESS Сообщение от пользователя 397584737 Обрабатывается
2022-01-19T20:48:14.352022+0300 SUCCESS Добавление новой группы
2022-01-19T20:48:14.356034+0300 SUCCESS 2022-05-13
2022-01-19T20:48:14.356034+0300 SUCCESS 17
2022-01-19T20:48:14.356034+0300 SUCCESS Напоминание за 24ч для группы: TEST_GROUP Создано. Время: 17  День: 3
2022-01-19T20:48:14.405044+0300 SUCCESS Напоминание за 4 дня для группы: TEST_GROUP Создано. Время: 17  День: 0
2022-01-19T20:48:14.418042+0300 SUCCESS Напоминание после урока для группы: TEST_GROUP Создано. Время: 18  День: 4
2022-01-19T20:48:14.433050+0300 DEBUG Looking for jobs to run
2022-01-19T20:48:14.443052+0300 DEBUG Next wakeup is due at %s (in %f seconds)
2022-01-19T20:48:14.443052+0300 DEBUG Looking for jobs to run
2022-01-19T20:48:14.445057+0300 DEBUG Next wakeup is due at %s (in %f seconds)
2022-01-19T20:48:14.445057+0300 DEBUG Looking for jobs to run
2022-01-19T20:48:14.446052+0300 DEBUG Next wakeup is due at %s (in %f seconds)
2022-01-19T20:48:27.200203+0300 SUCCESS Преподаватель 397584737 добавляет группу
2022-01-19T20:49:59.666924+0300 SUCCESS Пришло сообщение от пользователя 397584737
2022-01-19T20:49:59.667923+0300 SUCCESS Mini_2776_С-18
6
18:00
М5У1
Python pro
16
2022-01-19T20:49:59.667923+0300 SUCCESS Сообщение от пользователя 397584737 Обрабатывается
2022-01-19T20:49:59.670926+0300 SUCCESS Добавление новой группы
2022-01-19T20:49:59.681926+0300 SUCCESS 2022-04-09
2022-01-19T20:49:59.681926+0300 SUCCESS 18
2022-01-19T20:49:59.681926+0300 SUCCESS Напоминание за 24ч для группы: Mini_2776_С-18 Создано. Время: 18  День: 4
2022-01-19T20:49:59.690929+0300 INFO Added job "%s" to job store "%s"
2022-01-19T20:49:59.691929+0300 SUCCESS Напоминание за 4 дня для группы: Mini_2776_С-18 Создано. Время: 18  День: 1
2022-01-19T20:49:59.707932+0300 INFO Added job "%s" to job store "%s"
2022-01-19T20:49:59.708933+0300 SUCCESS Напоминание после урока для группы: Mini_2776_С-18 Создано. Время: 19  День: 5
2022-01-19T20:49:59.724940+0300 INFO Added job "%s" to job store "%s"
2022-01-19T20:49:59.727936+0300 DEBUG Looking for jobs to run
2022-01-19T20:49:59.739939+0300 DEBUG Next wakeup is due at %s (in %f seconds)
2022-01-19T20:49:59.739939+0300 DEBUG Looking for jobs to run
2022-01-19T20:49:59.741940+0300 DEBUG Next wakeup is due at %s (in %f seconds)
2022-01-19T20:49:59.741940+0300 DEBUG Looking for jobs to run
2022-01-19T20:49:59.743950+0300 DEBUG Next wakeup is due at %s (in %f seconds)
2022-01-19T20:51:24.949977+0300 SUCCESS Преподаватель 397584737 добавляет группу
2022-01-19T20:52:31.195259+0300 SUCCESS Пришло сообщение от пользователя 397584737
2022-01-19T20:52:31.195259+0300 SUCCESS Newmini_4018_В-18
7
18:00
М1У1
python GUI
16
2022-01-19T20:52:31.196258+0300 SUCCESS Сообщение от пользователя 397584737 Обрабатывается
2022-01-19T20:52:31.198270+0300 SUCCESS Добавление новой группы
2022-01-19T20:52:31.200259+0300 SUCCESS 2022-05-08
2022-01-19T20:52:31.200259+0300 SUCCESS 18
2022-01-19T20:52:31.200259+0300 SUCCESS Напоминание за 24ч для группы: Newmini_4018_В-18 Создано. Время: 18  День: 5
2022-01-19T20:52:31.209271+0300 INFO Added job "%s" to job store "%s"
2022-01-19T20:52:31.210263+0300 SUCCESS Напоминание за 4 дня для группы: Newmini_4018_В-18 Создано. Время: 18  День: 2
2022-01-19T20:52:31.227266+0300 INFO Added job "%s" to job store "%s"
2022-01-19T20:52:31.227266+0300 SUCCESS Напоминание после урока для группы: Newmini_4018_В-18 Создано. Время: 19  День: 6
2022-01-19T20:52:31.244269+0300 INFO Added job "%s" to job store "%s"
2022-01-19T20:52:31.246274+0300 DEBUG Looking for jobs to run
2022-01-19T20:52:31.259282+0300 DEBUG Next wakeup is due at %s (in %f seconds)
2022-01-19T20:52:31.259282+0300 DEBUG Looking for jobs to run
2022-01-19T20:52:31.261284+0300 DEBUG Next wakeup is due at %s (in %f seconds)
2022-01-19T20:52:31.261284+0300 DEBUG Looking for jobs to run
2022-01-19T20:52:31.263284+0300 DEBUG Next wakeup is due at %s (in %f seconds)
2022-01-19T20:52:49.190613+0300 SUCCESS Преподаватель 397584737 добавляет группу
2022-01-19T20:53:55.722087+0300 SUCCESS Преподаватель 397584737 добавляет группу
2022-01-19T20:55:20.673481+0300 SUCCESS Пришло сообщение от пользователя 397584737
2022-01-19T20:55:20.674487+0300 SUCCESS Онлайн_Ind3986
7
16:00
М1У1
python GUI
16
2022-01-19T20:55:20.674487+0300 SUCCESS Сообщение от пользователя 397584737 Обрабатывается
2022-01-19T20:55:20.674487+0300 SUCCESS Добавление новой группы
2022-01-19T20:55:20.675487+0300 SUCCESS 2022-05-08
2022-01-19T20:55:20.676486+0300 SUCCESS 16
2022-01-19T20:55:20.676486+0300 SUCCESS Напоминание за 24ч для группы: Онлайн_Ind3986 Создано. Время: 16  День: 5
2022-01-19T20:55:20.683302+0300 INFO Added job "%s" to job store "%s"
2022-01-19T20:55:20.684305+0300 SUCCESS Напоминание за 4 дня для группы: Онлайн_Ind3986 Создано. Время: 16  День: 2
2022-01-19T20:55:20.696308+0300 INFO Added job "%s" to job store "%s"
2022-01-19T20:55:20.696308+0300 SUCCESS Напоминание после урока для группы: Онлайн_Ind3986 Создано. Время: 17  День: 6
2022-01-19T20:55:20.709310+0300 INFO Added job "%s" to job store "%s"
2022-01-19T20:55:20.711312+0300 DEBUG Looking for jobs to run
2022-01-19T20:55:20.720313+0300 DEBUG Next wakeup is due at %s (in %f seconds)
2022-01-19T20:55:20.720313+0300 DEBUG Looking for jobs to run
2022-01-19T20:55:20.722324+0300 DEBUG Next wakeup is due at %s (in %f seconds)
2022-01-19T20:55:20.722324+0300 DEBUG Looking for jobs to run
2022-01-19T20:55:20.724324+0300 DEBUG Next wakeup is due at %s (in %f seconds)
2022-01-19T20:58:37.925864+0300 DEBUG пользователь 1732868375 Нажал стартовую клавиатуру
2022-01-19T20:58:37.925864+0300 SUCCESS Нажали старт
2022-01-19T21:00:02.356321+0300 SUCCESS Ученик 1732868375 Вводит код
2022-01-19T21:00:02.356321+0300 DEBUG пользователь 1428562393 Нажал стартовую клавиатуру
2022-01-19T21:00:02.357321+0300 SUCCESS Нажали старт
2022-01-19T21:00:02.357321+0300 DEBUG пользователь 1103506886 Нажал стартовую клавиатуру
2022-01-19T21:00:02.357321+0300 SUCCESS Нажали старт
2022-01-19T21:00:02.358321+0300 DEBUG пользователь 1428562393 Нажал стартовую клавиатуру
2022-01-19T21:00:02.358321+0300 SUCCESS Нажали старт
2022-01-19T21:00:02.359322+0300 DEBUG пользователь 1428562393 Нажал стартовую клавиатуру
2022-01-19T21:00:02.359322+0300 SUCCESS Нажали старт
2022-01-19T21:00:02.359322+0300 SUCCESS Ученик 1732868375 Вводит код
2022-01-19T21:00:02.360324+0300 SUCCESS Ученик 1732868375 Вводит код
2022-01-19T21:00:02.360324+0300 SUCCESS Ученик 1732868375 Вводит код
2022-01-19T21:00:02.504726+0300 SUCCESS Смена статуса ученика 1732868375 произведена на flag_add_padawan
2022-01-19T21:00:02.650704+0300 SUCCESS Смена статуса ученика 1732868375 произведена на flag_add_padawan
2022-01-19T21:00:44.736527+0300 SUCCESS Ученик 1428562393 Вводит код
2022-01-19T21:00:44.954741+0300 SUCCESS Смена статуса ученика 1428562393 произведена на flag_add_padawan
2022-01-19T21:01:00.489537+0300 SUCCESS Пришло сообщение от пользователя 1732868375
2022-01-19T21:01:00.490536+0300 SUCCESS 123456
Трамов Альберт
2022-01-19T21:01:00.490536+0300 SUCCESS Сообщение от пользователя 1732868375 Обрабатывается
2022-01-19T21:01:05.773088+0300 SUCCESS Смена статуса ученика 1732868375 произведена на flag_add_padawan
2022-01-19T21:01:15.616140+0300 SUCCESS Ученик 1103506886 Вводит код
2022-01-19T21:01:15.775645+0300 SUCCESS Смена статуса ученика 1103506886 произведена на flag_add_padawan
2022-01-19T21:01:26.726056+0300 SUCCESS Смена статуса ученика 1732868375 произведена на flag_add_padawan
2022-01-19T21:01:31.899414+0300 SUCCESS Пришло сообщение от пользователя 1732868375
2022-01-19T21:01:31.899414+0300 SUCCESS 123456
Трамов Альберт
2022-01-19T21:01:31.899414+0300 SUCCESS Сообщение от пользователя 1732868375 Обрабатывается
2022-01-19T21:01:39.406495+0300 SUCCESS Пришло сообщение от пользователя 1428562393
2022-01-19T21:01:39.407505+0300 SUCCESS 55455
Берекчиян Евгений
2022-01-19T21:01:39.407505+0300 SUCCESS Сообщение от пользователя 1428562393 Обрабатывается
2022-01-19T21:02:32.060864+0300 SUCCESS Ученик 1428562393 Вводит код
2022-01-19T21:02:32.196692+0300 SUCCESS Смена статуса ученика 1428562393 произведена на flag_add_padawan
2022-01-19T21:03:56.498519+0300 SUCCESS Пришло сообщение от пользователя 1428562393
2022-01-19T21:03:56.498519+0300 SUCCESS 55455
Берекчиян Евгений
2022-01-19T21:03:56.498519+0300 SUCCESS Сообщение от пользователя 1428562393 Обрабатывается
2022-01-19T21:03:56.499519+0300 SUCCESS Пришло сообщение от пользователя 1732868375
2022-01-19T21:03:56.499519+0300 SUCCESS 105409
Трамов Альберт
2022-01-19T21:03:56.499519+0300 SUCCESS Сообщение от пользователя 1732868375 Обрабатывается
2022-01-19T21:03:56.501519+0300 SUCCESS Ученик 1428562393 Вводит код
2022-01-19T21:03:56.502520+0300 DEBUG пользователь 1732868375 Нажал стартовую клавиатуру
2022-01-19T21:03:56.502520+0300 SUCCESS Нажали старт
2022-01-19T21:03:56.503520+0300 DEBUG пользователь 1732868375 Нажал стартовую клавиатуру
2022-01-19T21:03:56.503520+0300 SUCCESS Нажали старт
2022-01-19T21:03:56.504520+0300 SUCCESS Пришло сообщение от пользователя 1103506886
2022-01-19T21:03:56.504520+0300 SUCCESS 105505
Куликова Елизавета
2022-01-19T21:03:56.504520+0300 SUCCESS Сообщение от пользователя 1103506886 Обрабатывается
2022-01-19T21:04:06.145750+0300 DEBUG пользователь 1732868375 Нажал стартовую клавиатуру
2022-01-19T21:04:06.146749+0300 SUCCESS Нажали старт
2022-01-19T21:04:08.325607+0300 SUCCESS Ученик 1732868375 Вводит код
2022-01-19T21:04:08.490487+0300 SUCCESS Смена статуса ученика 1732868375 произведена на flag_add_padawan
2022-01-19T21:04:17.786232+0300 SUCCESS Ученик: Куликова Елизавета Группа: Newmini_4018_В-18 День занятий: ВоскресеньеВремя занятий:18:00 Последнее занятие: М1У1 дабавлен в свою группу.
2022-01-19T21:04:29.092494+0300 SUCCESS Ученик 1428562393 Вводит код
2022-01-19T21:04:29.284009+0300 SUCCESS Смена статуса ученика 1428562393 произведена на flag_add_padawan
2022-01-19T21:04:35.872546+0300 SUCCESS Пришло сообщение от пользователя 1732868375
2022-01-19T21:04:35.872546+0300 SUCCESS 105409
Трамов Альберт
2022-01-19T21:04:35.872546+0300 SUCCESS Сообщение от пользователя 1732868375 Обрабатывается
2022-01-19T21:04:36.054432+0300 SUCCESS Ученик: Трамов Альберт Группа: Mini_2776_С-18 День занятий: СубботаВремя занятий:18:00 Последнее занятие: М5У1 дабавлен в свою группу.
2022-01-19T21:04:56.168152+0300 SUCCESS Пришло сообщение от пользователя 1732868375
2022-01-19T21:04:56.168152+0300 SUCCESS 1
2022-01-19T21:04:56.168152+0300 SUCCESS Сообщение от пользователя 1732868375 Обрабатывается
2022-01-19T21:05:03.155562+0300 SUCCESS Смена статуса ученика 1428562393 произведена на flag_add_padawan
2022-01-19T21:05:09.033842+0300 SUCCESS Ученик 1732868375 Вводит код
2022-01-19T21:05:09.116673+0300 SUCCESS Смена статуса ученика 1732868375 произведена на flag_add_padawan
2022-01-19T21:05:17.214875+0300 SUCCESS Пришло сообщение от пользователя 1428562393
2022-01-19T21:05:17.215875+0300 SUCCESS 105409
Берекчиян Евгений
2022-01-19T21:05:17.215875+0300 SUCCESS Сообщение от пользователя 1428562393 Обрабатывается
2022-01-19T21:05:17.476075+0300 SUCCESS Ученик: Берекчиян Евгений Группа: Mini_2776_С-18 День занятий: СубботаВремя занятий:18:00 Последнее занятие: М5У1 дабавлен в свою группу.
2022-01-19T21:05:18.220518+0300 SUCCESS Пришло сообщение от пользователя 1732868375
2022-01-19T21:05:18.221514+0300 SUCCESS 105409
Трамов Альберт
2022-01-19T21:05:18.221514+0300 SUCCESS Сообщение от пользователя 1732868375 Обрабатывается
2022-01-19T21:05:18.397285+0300 SUCCESS Ученик: Трамов Альберт Группа: Mini_2776_С-18 День занятий: СубботаВремя занятий:18:00 Последнее занятие: М5У1 дабавлен в свою группу.
2022-01-19T21:05:25.571608+0300 SUCCESS Пришло сообщение от пользователя 1732868375
2022-01-19T21:05:25.572598+0300 SUCCESS 1
2022-01-19T21:05:25.572598+0300 SUCCESS Сообщение от пользователя 1732868375 Обрабатывается
2022-01-19T21:05:27.736860+0300 SUCCESS Пришло сообщение от пользователя 1428562393
2022-01-19T21:05:27.736860+0300 SUCCESS 1
2022-01-19T21:05:27.736860+0300 SUCCESS Сообщение от пользователя 1428562393 Обрабатывается
2022-01-19T21:05:35.987744+0300 SUCCESS Пришло сообщение от пользователя 1428562393
2022-01-19T21:05:35.988744+0300 SUCCESS 2
2022-01-19T21:05:35.988744+0300 SUCCESS Сообщение от пользователя 1428562393 Обрабатывается
2022-01-19T21:05:36.156592+0300 SUCCESS Пришло сообщение от пользователя 1732868375
2022-01-19T21:05:36.156592+0300 SUCCESS 2
2022-01-19T21:05:36.157592+0300 SUCCESS Сообщение от пользователя 1732868375 Обрабатывается
2022-01-19T21:05:38.974260+0300 SUCCESS Пришло сообщение от пользователя 1732868375
2022-01-19T21:05:38.975270+0300 SUCCESS 3
2022-01-19T21:05:38.975270+0300 SUCCESS Сообщение от пользователя 1732868375 Обрабатывается
2022-01-19T21:06:05.321578+0300 SUCCESS Пришло сообщение от пользователя 1428562393
2022-01-19T21:06:05.321578+0300 SUCCESS 1
2022-01-19T21:06:05.321578+0300 SUCCESS Сообщение от пользователя 1428562393 Обрабатывается
2022-01-19T21:06:10.280951+0300 SUCCESS Пришло сообщение от пользователя 1428562393
2022-01-19T21:06:10.280951+0300 SUCCESS 1)
2022-01-19T21:06:10.280951+0300 SUCCESS Сообщение от пользователя 1428562393 Обрабатывается
2022-01-19T21:07:34.732737+0300 DEBUG пользователь 461387868 Нажал стартовую клавиатуру
2022-01-19T21:07:34.732737+0300 SUCCESS Нажали старт
2022-01-19T21:07:34.734735+0300 SUCCESS Пришло сообщение от пользователя 461387868
2022-01-19T21:07:34.734735+0300 SUCCESS \start
2022-01-19T21:07:34.734735+0300 SUCCESS Сообщение от пользователя 461387868 Обрабатывается
2022-01-19T21:07:34.734735+0300 ERROR An error has been caught in function 'notify', process 'MainProcess' (7044), thread 'MainThread' (7036):
Traceback (most recent call last):

  File "C:/Users/wacko/PycharmProjects/kodbot_Deadwacko/main.py", line 767, in <module>
    executor.start_polling(dp)
    |        |             -> <aiogram.dispatcher.dispatcher.Dispatcher object at 0x00000246D87DF6C8>
    |        -> <function start_polling at 0x00000246D7A4BCA8>
    -> <module 'aiogram.utils.executor' from 'C:\\Users\\wacko\\AppData\\Local\\Programs\\Python\\Python37\\lib\\site-packages\\aiog...

  File "C:\Users\wacko\AppData\Local\Programs\Python\Python37\lib\site-packages\aiogram\utils\executor.py", line 50, in start_polling
    allowed_updates=allowed_updates
                    -> None

  File "C:\Users\wacko\AppData\Local\Programs\Python\Python37\lib\site-packages\aiogram\utils\executor.py", line 323, in start_polling
    loop.run_forever()
    |    -> <function BaseEventLoop.run_forever at 0x00000246D69DCE58>
    -> <_WindowsSelectorEventLoop running=True closed=False debug=False>

  File "C:\Users\wacko\AppData\Local\Programs\Python\Python37\lib\asyncio\base_events.py", line 541, in run_forever
    self._run_once()
    |    -> <function BaseEventLoop._run_once at 0x00000246D69DE948>
    -> <_WindowsSelectorEventLoop running=True closed=False debug=False>

  File "C:\Users\wacko\AppData\Local\Programs\Python\Python37\lib\asyncio\base_events.py", line 1786, in _run_once
    handle._run()
    |      -> <function Handle._run at 0x00000246D698E048>
    -> <Handle <TaskStepMethWrapper object at 0x00000246D9177748>()>

  File "C:\Users\wacko\AppData\Local\Programs\Python\Python37\lib\asyncio\events.py", line 88, in _run
    self._context.run(self._callback, *self._args)
    |    |            |    |           |    -> <member '_args' of 'Handle' objects>
    |    |            |    |           -> <Handle <TaskStepMethWrapper object at 0x00000246D9177748>()>
    |    |            |    -> <member '_callback' of 'Handle' objects>
    |    |            -> <Handle <TaskStepMethWrapper object at 0x00000246D9177748>()>
    |    -> <member '_context' of 'Handle' objects>
    -> <Handle <TaskStepMethWrapper object at 0x00000246D9177748>()>

  File "C:\Users\wacko\AppData\Local\Programs\Python\Python37\lib\site-packages\aiogram\dispatcher\handler.py", line 116, in notify
    response = await handler_obj.handler(*args, **partial_data)
                     |           |        |       -> {}
                     |           |        -> (<Update {"update_id": 452958029, "message": {"message_id": 1792, "from": {"id": 461387868, "is_bot": false, "first_name": "С...
                     |           -> <bound method Dispatcher.process_update of <aiogram.dispatcher.dispatcher.Dispatcher object at 0x00000246D87DF6C8>>
                     -> Handler.HandlerObj(handler=<bound method Dispatcher.process_update of <aiogram.dispatcher.dispatcher.Dispatcher object at 0x0...

  File "C:\Users\wacko\AppData\Local\Programs\Python\Python37\lib\site-packages\aiogram\dispatcher\dispatcher.py", line 256, in process_update
    return await self.message_handlers.notify(update.message)
                 |    |                |      |      -> <aiogram.types.fields.Field object at 0x00000246D79D99C8>
                 |    |                |      -> <Update {"update_id": 452958029, "message": {"message_id": 1792, "from": {"id": 461387868, "is_bot": false, "first_name": "Сл...
                 |    |                -> <function Handler.notify at 0x00000246D7A5F5E8>
                 |    -> <aiogram.dispatcher.handler.Handler object at 0x00000246D8FACD08>
                 -> <aiogram.dispatcher.dispatcher.Dispatcher object at 0x00000246D87DF6C8>

> File "C:\Users\wacko\AppData\Local\Programs\Python\Python37\lib\site-packages\aiogram\dispatcher\handler.py", line 116, in notify
    response = await handler_obj.handler(*args, **partial_data)
                     |           |        |       -> {}
                     |           |        -> (<Message {"message_id": 1792, "from": {"id": 461387868, "is_bot": false, "first_name": "Слава", "last_name": "КПСС", "userna...
                     |           -> <function input_text_msg at 0x00000246D900BCA8>
                     -> Handler.HandlerObj(handler=<function input_text_msg at 0x00000246D900BCA8>, spec=FullArgSpec(args=['msg'], varargs=None, vark...

  File "C:/Users/wacko/PycharmProjects/kodbot_Deadwacko/main.py", line 242, in input_text_msg
    input_flag_state = working_with_json.json_read_flag_state(telegram_username=str(msg.from_user.id))
                       |                 |                                          |   -> <aiogram.types.fields.Field object at 0x00000246D78F8E88>
                       |                 |                                          -> <Message {"message_id": 1792, "from": {"id": 461387868, "is_bot": false, "first_name": "Слава", "last_name": "КПСС", "usernam...
                       |                 -> <function json_read_flag_state at 0x00000246D7BE6A68>
                       -> <module 'working_with_json' from 'C:\\Users\\wacko\\PycharmProjects\\kodbot_Deadwacko\\working_with_json.py'>

  File "C:\Users\wacko\PycharmProjects\kodbot_Deadwacko\working_with_json.py", line 182, in json_read_flag_state
    return json_data["tg"][str(telegram_username)]["flag_state"]
           |                   -> '461387868'
           -> {'tg': {'397584737': {'flag_state': '  ', 'status': 'jedi', 'mail_pin': 666475}, '1732868375': {'flag_state': '  ', 'status':...

KeyError: '461387868'
2022-01-19T21:07:37.780846+0300 SUCCESS Ученик 461387868 Вводит код
2022-01-19T21:07:37.893007+0300 SUCCESS Смена статуса ученика 461387868 произведена на flag_add_padawan
2022-01-19T21:07:52.479483+0300 SUCCESS Пришло сообщение от пользователя 461387868
2022-01-19T21:07:52.479483+0300 SUCCESS 957628
Борисова Слава
2022-01-19T21:07:52.480482+0300 SUCCESS Сообщение от пользователя 461387868 Обрабатывается
2022-01-19T21:07:52.577027+0300 SUCCESS Ученик: Борисова Слава Группа: TEST_GROUP День занятий: ПятницаВремя занятий:17:00 Последнее занятие: М1У0 дабавлен в свою группу.
2022-01-19T21:08:25.753806+0300 SUCCESS Ученик 1428562393 Вводит код
2022-01-19T21:08:25.881732+0300 SUCCESS Смена статуса ученика 1428562393 произведена на flag_add_padawan
2022-01-19T21:08:29.998395+0300 SUCCESS Пришло сообщение от пользователя 1428562393
2022-01-19T21:08:29.998395+0300 SUCCESS 105409
Берекчиян Евгений
2022-01-19T21:08:29.998395+0300 SUCCESS Сообщение от пользователя 1428562393 Обрабатывается
2022-01-19T21:08:30.122964+0300 SUCCESS Ученик: Берекчиян Евгений Группа: Mini_2776_С-18 День занятий: СубботаВремя занятий:18:00 Последнее занятие: М5У1 дабавлен в свою группу.
2022-01-19T21:08:45.305686+0300 SUCCESS Пришло сообщение от пользователя 1428562393
2022-01-19T21:08:45.306686+0300 SUCCESS напомнить о дз
2022-01-19T21:08:45.306686+0300 SUCCESS Сообщение от пользователя 1428562393 Обрабатывается
2022-01-19T21:12:29.558657+0300 DEBUG пользователь 343621687 Нажал стартовую клавиатуру
2022-01-19T21:12:29.559655+0300 SUCCESS Нажали старт
2022-01-19T21:12:31.189671+0300 SUCCESS Ученик 343621687 Вводит код
2022-01-19T21:12:31.284602+0300 SUCCESS Смена статуса ученика 343621687 произведена на flag_add_padawan
2022-01-19T21:13:01.013596+0300 SUCCESS Пришло сообщение от пользователя 343621687
2022-01-19T21:13:01.013596+0300 SUCCESS 957628
Ларионова Екатерина
2022-01-19T21:13:01.013596+0300 SUCCESS Сообщение от пользователя 343621687 Обрабатывается
2022-01-19T21:13:01.189451+0300 SUCCESS Ученик: Ларионова Екатерина Группа: TEST_GROUP День занятий: ПятницаВремя занятий:17:00 Последнее занятие: М1У0 дабавлен в свою группу.
2022-01-19T21:13:17.983403+0300 DEBUG пользователь 741897240 Нажал стартовую клавиатуру
2022-01-19T21:13:17.983403+0300 SUCCESS Нажали старт
2022-01-19T21:13:20.452498+0300 SUCCESS Ученик 741897240 Вводит код
2022-01-19T21:13:20.588908+0300 SUCCESS Смена статуса ученика 741897240 произведена на flag_add_padawan
2022-01-19T21:14:04.627826+0300 SUCCESS Пришло сообщение от пользователя 741897240
2022-01-19T21:14:04.627826+0300 SUCCESS 957628
Анастасия Астапова
2022-01-19T21:14:04.627826+0300 SUCCESS Сообщение от пользователя 741897240 Обрабатывается
2022-01-19T21:14:04.735939+0300 SUCCESS Ученик: Анастасия Астапова Группа: TEST_GROUP День занятий: ПятницаВремя занятий:17:00 Последнее занятие: М1У0 дабавлен в свою группу.
2022-01-19T21:24:50.621065+0300 SUCCESS Преподаватель 461387868 регистрируется
2022-01-19T21:25:22.429448+0300 SUCCESS Пришло сообщение от пользователя 461387868
2022-01-19T21:25:22.429448+0300 SUCCESS haruhiko.kaori@yandex.ru
2022-01-19T21:25:22.430446+0300 SUCCESS Сообщение от пользователя 461387868 Обрабатывается
2022-01-19T21:25:22.437449+0300 SUCCESS Отправка кода на почту
2022-01-19T21:25:38.725319+0300 SUCCESS Пришло сообщение от пользователя 461387868
2022-01-19T21:25:38.725319+0300 SUCCESS у меня нет корпоративки :(
2022-01-19T21:25:38.725319+0300 SUCCESS Сообщение от пользователя 461387868 Обрабатывается
2022-01-19T21:25:38.725319+0300 SUCCESS Отправка кода на почту
2022-01-19T21:26:24.034841+0300 SUCCESS Пришло сообщение от пользователя 343621687
2022-01-19T21:26:24.035829+0300 SUCCESS Миша, ты тоже не обращаешь на меня внимание, и я очень устала. Я знаю, что ты работаешь с ботом. Но я весь день убиралась, а ты бездельничал, всего лишь сходив на консультацию по физике. А потом пришёл домой и лёг спать. :)
2022-01-19T21:26:24.035829+0300 SUCCESS Сообщение от пользователя 343621687 Обрабатывается
2022-01-19T21:26:58.833970+0300 SUCCESS Пришло сообщение от пользователя 461387868
2022-01-19T21:26:58.833970+0300 SUCCESS TEST_GROUP
2022-01-19T21:26:58.833970+0300 SUCCESS Сообщение от пользователя 461387868 Обрабатывается
2022-01-19T21:26:58.834959+0300 SUCCESS Отправка кода на почту
2022-01-19T21:33:04.792702+0300 SUCCESS БОТ СТАРТАНУЛ
2022-01-19T21:33:05.095710+0300 SUCCESS Пришло сообщение от пользователя 461387868
2022-01-19T21:33:05.095710+0300 SUCCESS \start
2022-01-19T21:33:05.095710+0300 SUCCESS Сообщение от пользователя 461387868 Обрабатывается
2022-01-19T21:33:05.096710+0300 ERROR An error has been caught in function 'notify', process 'MainProcess' (31076), thread 'MainThread' (20476):
Traceback (most recent call last):

  File "C:/Users/wacko/PycharmProjects/kodbot_Deadwacko/main.py", line 767, in <module>
    executor.start_polling(dp)
    |        |             -> <aiogram.dispatcher.dispatcher.Dispatcher object at 0x00000229BC12CE48>
    |        -> <function start_polling at 0x00000229BABBBCA8>
    -> <module 'aiogram.utils.executor' from 'C:\\Users\\wacko\\AppData\\Local\\Programs\\Python\\Python37\\lib\\site-packages\\aiog...

  File "C:\Users\wacko\AppData\Local\Programs\Python\Python37\lib\site-packages\aiogram\utils\executor.py", line 50, in start_polling
    allowed_updates=allowed_updates
                    -> None

  File "C:\Users\wacko\AppData\Local\Programs\Python\Python37\lib\site-packages\aiogram\utils\executor.py", line 323, in start_polling
    loop.run_forever()
    |    -> <function BaseEventLoop.run_forever at 0x00000229B9B4CE58>
    -> <_WindowsSelectorEventLoop running=True closed=False debug=False>

  File "C:\Users\wacko\AppData\Local\Programs\Python\Python37\lib\asyncio\base_events.py", line 541, in run_forever
    self._run_once()
    |    -> <function BaseEventLoop._run_once at 0x00000229B9B4E948>
    -> <_WindowsSelectorEventLoop running=True closed=False debug=False>

  File "C:\Users\wacko\AppData\Local\Programs\Python\Python37\lib\asyncio\base_events.py", line 1786, in _run_once
    handle._run()
    |      -> <function Handle._run at 0x00000229B9AFE048>
    -> <Handle <TaskStepMethWrapper object at 0x00000229BC1FAD48>()>

  File "C:\Users\wacko\AppData\Local\Programs\Python\Python37\lib\asyncio\events.py", line 88, in _run
    self._context.run(self._callback, *self._args)
    |    |            |    |           |    -> <member '_args' of 'Handle' objects>
    |    |            |    |           -> <Handle <TaskStepMethWrapper object at 0x00000229BC1FAD48>()>
    |    |            |    -> <member '_callback' of 'Handle' objects>
    |    |            -> <Handle <TaskStepMethWrapper object at 0x00000229BC1FAD48>()>
    |    -> <member '_context' of 'Handle' objects>
    -> <Handle <TaskStepMethWrapper object at 0x00000229BC1FAD48>()>

  File "C:\Users\wacko\AppData\Local\Programs\Python\Python37\lib\site-packages\aiogram\dispatcher\handler.py", line 116, in notify
    response = await handler_obj.handler(*args, **partial_data)
                     |           |        |       -> {}
                     |           |        -> (<Update {"update_id": 452958046, "message": {"message_id": 1828, "from": {"id": 461387868, "is_bot": false, "first_name": "С...
                     |           -> <bound method Dispatcher.process_update of <aiogram.dispatcher.dispatcher.Dispatcher object at 0x00000229BC12CE48>>
                     -> Handler.HandlerObj(handler=<bound method Dispatcher.process_update of <aiogram.dispatcher.dispatcher.Dispatcher object at 0x0...

  File "C:\Users\wacko\AppData\Local\Programs\Python\Python37\lib\site-packages\aiogram\dispatcher\dispatcher.py", line 256, in process_update
    return await self.message_handlers.notify(update.message)
                 |    |                |      |      -> <aiogram.types.fields.Field object at 0x00000229BAB49948>
                 |    |                |      -> <Update {"update_id": 452958046, "message": {"message_id": 1828, "from": {"id": 461387868, "is_bot": false, "first_name": "Сл...
                 |    |                -> <function Handler.notify at 0x00000229BABCF5E8>
                 |    -> <aiogram.dispatcher.handler.Handler object at 0x00000229BC12CB48>
                 -> <aiogram.dispatcher.dispatcher.Dispatcher object at 0x00000229BC12CE48>

> File "C:\Users\wacko\AppData\Local\Programs\Python\Python37\lib\site-packages\aiogram\dispatcher\handler.py", line 116, in notify
    response = await handler_obj.handler(*args, **partial_data)
                     |           |        |       -> {}
                     |           |        -> (<Message {"message_id": 1828, "from": {"id": 461387868, "is_bot": false, "first_name": "Слава", "last_name": "КПСС", "userna...
                     |           -> <function input_text_msg at 0x00000229BC1869D8>
                     -> Handler.HandlerObj(handler=<function input_text_msg at 0x00000229BC1869D8>, spec=FullArgSpec(args=['msg'], varargs=None, vark...

  File "C:/Users/wacko/PycharmProjects/kodbot_Deadwacko/main.py", line 242, in input_text_msg
    input_flag_state = working_with_json.json_read_flag_state(telegram_username=str(msg.from_user.id))
                       |                 |                                          |   -> <aiogram.types.fields.Field object at 0x00000229BAA68DC8>
                       |                 |                                          -> <Message {"message_id": 1828, "from": {"id": 461387868, "is_bot": false, "first_name": "Слава", "last_name": "КПСС", "usernam...
                       |                 -> <function json_read_flag_state at 0x00000229BAD55A68>
                       -> <module 'working_with_json' from 'C:\\Users\\wacko\\PycharmProjects\\kodbot_Deadwacko\\working_with_json.py'>

  File "C:\Users\wacko\PycharmProjects\kodbot_Deadwacko\working_with_json.py", line 182, in json_read_flag_state
    return json_data["tg"][str(telegram_username)]["flag_state"]
           |                   -> '461387868'
           -> {'tg': {'397584737': {'flag_state': '  ', 'status': 'jedi', 'mail_pin': 666475}, '1732868375': {'flag_state': '  ', 'status':...

KeyError: '461387868'
2022-01-19T21:33:05.109995+0300 DEBUG пользователь 461387868 Нажал стартовую клавиатуру
2022-01-19T21:33:05.109995+0300 SUCCESS Нажали старт
2022-01-19T21:33:05.110995+0300 DEBUG пользователь 461387868 Нажал стартовую клавиатуру
2022-01-19T21:33:05.111996+0300 SUCCESS Нажали старт
2022-01-19T21:33:05.111996+0300 DEBUG пользователь 461387868 Нажал стартовую клавиатуру
2022-01-19T21:33:05.111996+0300 SUCCESS Нажали старт
2022-01-19T21:33:05.112996+0300 DEBUG пользователь 461387868 Нажал стартовую клавиатуру
2022-01-19T21:33:05.112996+0300 SUCCESS Нажали старт
2022-01-19T21:33:05.113996+0300 DEBUG пользователь 461387868 Нажал стартовую клавиатуру
2022-01-19T21:33:05.113996+0300 SUCCESS Нажали старт
2022-01-19T21:33:05.113996+0300 DEBUG пользователь 461387868 Нажал стартовую клавиатуру
2022-01-19T21:33:05.114996+0300 SUCCESS Нажали старт
2022-01-19T21:33:05.114996+0300 DEBUG пользователь 461387868 Нажал стартовую клавиатуру
2022-01-19T21:33:05.114996+0300 SUCCESS Нажали старт
2022-01-19T21:33:05.115997+0300 DEBUG пользователь 461387868 Нажал стартовую клавиатуру
2022-01-19T21:33:05.115997+0300 SUCCESS Нажали старт
2022-01-19T21:33:05.115997+0300 DEBUG пользователь 461387868 Нажал стартовую клавиатуру
2022-01-19T21:33:05.116987+0300 SUCCESS Нажали старт
2022-01-19T21:33:05.116987+0300 DEBUG пользователь 461387868 Нажал стартовую клавиатуру
2022-01-19T21:33:05.116987+0300 SUCCESS Нажали старт
2022-01-19T21:33:05.117986+0300 DEBUG пользователь 461387868 Нажал стартовую клавиатуру
2022-01-19T21:33:05.117986+0300 SUCCESS Нажали старт
2022-01-19T21:33:05.124991+0300 DEBUG пользователь 461387868 Нажал стартовую клавиатуру
2022-01-19T21:33:05.124991+0300 SUCCESS Нажали старт
2022-01-19T21:33:05.125997+0300 DEBUG пользователь 461387868 Нажал стартовую клавиатуру
2022-01-19T21:33:05.125997+0300 SUCCESS Нажали старт
2022-01-19T21:33:05.127000+0300 DEBUG пользователь 461387868 Нажал стартовую клавиатуру
2022-01-19T21:33:05.128000+0300 SUCCESS Нажали старт
2022-01-19T21:33:05.128000+0300 DEBUG пользователь 461387868 Нажал стартовую клавиатуру
2022-01-19T21:33:05.128991+0300 SUCCESS Нажали старт
2022-01-19T21:33:05.128991+0300 DEBUG пользователь 461387868 Нажал стартовую клавиатуру
2022-01-19T21:33:05.128991+0300 SUCCESS Нажали старт
2022-01-19T21:33:05.129990+0300 DEBUG пользователь 461387868 Нажал стартовую клавиатуру
2022-01-19T21:33:05.129990+0300 SUCCESS Нажали старт
2022-01-19T21:33:05.130998+0300 DEBUG пользователь 461387868 Нажал стартовую клавиатуру
2022-01-19T21:33:05.130998+0300 SUCCESS Нажали старт
2022-01-19T21:33:05.130998+0300 DEBUG пользователь 461387868 Нажал стартовую клавиатуру
2022-01-19T21:33:05.130998+0300 SUCCESS Нажали старт
2022-01-19T21:33:26.402595+0300 SUCCESS Ученик 461387868 Вводит код
2022-01-19T21:33:26.403581+0300 SUCCESS Ученик 461387868 Вводит код
2022-01-19T21:33:26.615888+0300 SUCCESS Смена статуса ученика 461387868 произведена на flag_add_padawan
2022-01-19T21:33:26.683846+0300 SUCCESS Смена статуса ученика 461387868 произведена на flag_add_padawan
2022-01-19T21:33:58.579647+0300 SUCCESS Пришло сообщение от пользователя 461387868
2022-01-19T21:33:58.580642+0300 SUCCESS 957628
Борисова Слава
2022-01-19T21:33:58.580642+0300 SUCCESS Сообщение от пользователя 461387868 Обрабатывается
2022-01-19T21:33:58.717622+0300 SUCCESS Ученик: Борисова Слава Группа: TEST_GROUP День занятий: ПятницаВремя занятий:17:00 Последнее занятие: М1У0 дабавлен в свою группу.
2022-01-19T21:40:05.059574+0300 SUCCESS Пришло сообщение от пользователя 343621687
2022-01-19T21:40:05.060575+0300 SUCCESS Ь
2022-01-19T21:40:05.060575+0300 SUCCESS Сообщение от пользователя 343621687 Обрабатывается
2022-01-19T22:22:41.707713+0300 SUCCESS Преподаватель 397584737 добавляет группу
2022-01-19T22:24:37.209041+0300 SUCCESS Пришло сообщение от пользователя 397584737
2022-01-19T22:24:37.210030+0300 SUCCESS Newmini2934_ПТ-18
5
18:00
М3У3
python chatbot
16
2022-01-19T22:24:37.210030+0300 SUCCESS Сообщение от пользователя 397584737 Обрабатывается
2022-01-19T22:24:37.216031+0300 SUCCESS Добавление новой группы
2022-01-19T22:24:37.219031+0300 SUCCESS 2022-03-11
2022-01-19T22:24:37.219031+0300 SUCCESS 18
2022-01-19T22:24:37.219031+0300 SUCCESS Напоминание за 24ч для группы: Newmini2934_ПТ-18 Создано. Время: 18  День: 3
2022-01-19T22:24:37.254990+0300 SUCCESS Напоминание за 4 дня для группы: Newmini2934_ПТ-18 Создано. Время: 18  День: 0
2022-01-19T22:24:37.262994+0300 SUCCESS Напоминание после урока для группы: Newmini2934_ПТ-18 Создано. Время: 19  День: 4
2022-01-19T22:24:37.271996+0300 DEBUG Looking for jobs to run
2022-01-19T22:24:37.276999+0300 DEBUG Next wakeup is due at %s (in %f seconds)
2022-01-19T22:24:37.278000+0300 DEBUG Looking for jobs to run
2022-01-19T22:24:37.279002+0300 DEBUG Next wakeup is due at %s (in %f seconds)
2022-01-19T22:24:37.279002+0300 DEBUG Looking for jobs to run
2022-01-19T22:24:37.279997+0300 DEBUG Next wakeup is due at %s (in %f seconds)
2022-01-19T22:43:04.659841+0300 DEBUG пользователь 1682905146 Нажал стартовую клавиатуру
2022-01-19T22:43:04.660840+0300 SUCCESS Нажали старт
2022-01-19T22:44:20.623364+0300 SUCCESS Ученик 1682905146 Вводит код
2022-01-19T22:44:20.624363+0300 SUCCESS Ученик 1682905146 Вводит код
2022-01-19T22:44:20.705933+0300 SUCCESS Смена статуса ученика 1682905146 произведена на flag_add_padawan
2022-01-19T22:44:21.047742+0300 SUCCESS Смена статуса ученика 1682905146 произведена на flag_add_padawan
2022-01-19T22:54:36.353811+0300 SUCCESS Пришло сообщение от пользователя 1682905146
2022-01-19T22:54:36.353811+0300 SUCCESS 504144 
Мишин Павел
2022-01-19T22:54:36.353811+0300 SUCCESS Сообщение от пользователя 1682905146 Обрабатывается
2022-01-19T22:57:38.049752+0300 SUCCESS БОТ СТАРТАНУЛ
2022-01-19T22:58:40.276618+0300 SUCCESS Пришло сообщение от пользователя 1682905146
2022-01-19T22:58:40.276618+0300 SUCCESS 504144 
Мишин Павел
2022-01-19T22:58:40.276618+0300 SUCCESS Сообщение от пользователя 1682905146 Обрабатывается
2022-01-19T23:04:46.566337+0300 SUCCESS Пришло сообщение от пользователя 1682905146
2022-01-19T23:04:46.566337+0300 SUCCESS 504144 
Мишин Павел
2022-01-19T23:04:46.566337+0300 SUCCESS Сообщение от пользователя 1682905146 Обрабатывается
2022-01-19T23:06:09.712773+0300 SUCCESS Пришло сообщение от пользователя 1682905146
2022-01-19T23:06:09.712773+0300 SUCCESS а
2022-01-19T23:06:09.712773+0300 SUCCESS Сообщение от пользователя 1682905146 Обрабатывается
2022-01-19T23:13:00.297601+0300 SUCCESS БОТ СТАРТАНУЛ
2022-01-19T23:14:03.751658+0300 DEBUG пользователь 1682905146 Нажал стартовую клавиатуру
2022-01-19T23:14:03.751658+0300 SUCCESS Нажали старт
2022-01-19T23:14:05.320802+0300 SUCCESS Ученик 1682905146 Вводит код
2022-01-19T23:14:05.461190+0300 SUCCESS Смена статуса ученика 1682905146 произведена на flag_add_padawan
2022-01-19T23:15:29.717946+0300 SUCCESS Пришло сообщение от пользователя 1682905146
2022-01-19T23:15:29.717946+0300 SUCCESS 504144
Мишин Павел
2022-01-19T23:15:29.717946+0300 SUCCESS Сообщение от пользователя 1682905146 Обрабатывается
2022-01-19T23:15:29.795469+0300 SUCCESS Ученик: Мишин Павел Группа: Newmini2934_ПТ-18 День занятий: ПятницаВремя занятий:18:00 Последнее занятие: М3У3 дабавлен в свою группу.
2022-01-19T23:16:55.178953+0300 SUCCESS Пришло сообщение от пользователя 1682905146
2022-01-19T23:16:55.179953+0300 SUCCESS 1
2022-01-19T23:16:55.179953+0300 SUCCESS Сообщение от пользователя 1682905146 Обрабатывается
2022-01-19T23:16:55.182002+0300 SUCCESS Пришло сообщение от пользователя 1682905146
2022-01-19T23:16:55.182948+0300 SUCCESS 2
2022-01-19T23:16:55.182948+0300 SUCCESS Сообщение от пользователя 1682905146 Обрабатывается
2022-01-19T23:21:04.688590+0300 SUCCESS Пришло сообщение от пользователя 1682905146
2022-01-19T23:21:04.689593+0300 SUCCESS 1
2022-01-19T23:21:04.689593+0300 SUCCESS Сообщение от пользователя 1682905146 Обрабатывается
2022-01-20T00:01:23.716137+0300 SUCCESS Пришло сообщение от пользователя 397584737
2022-01-20T00:01:23.716137+0300 SUCCESS т
2022-01-20T00:01:23.716137+0300 SUCCESS Сообщение от пользователя 397584737 Обрабатывается
2022-01-20T00:04:25.803957+0300 DEBUG пользователь 1026408343 Нажал стартовую клавиатуру
2022-01-20T00:04:25.803957+0300 SUCCESS Нажали старт
2022-01-20T00:05:50.261316+0300 SUCCESS Ученик 1026408343 Вводит код
2022-01-20T00:05:50.261316+0300 SUCCESS Ученик 1026408343 Вводит код
2022-01-20T00:05:50.402890+0300 SUCCESS Смена статуса ученика 1026408343 произведена на flag_add_padawan
2022-01-20T00:06:53.674672+0300 SUCCESS Пришло сообщение от пользователя 1026408343
2022-01-20T00:06:53.674672+0300 SUCCESS 957628
2022-01-20T00:06:53.674672+0300 SUCCESS Сообщение от пользователя 1026408343 Обрабатывается
2022-01-20T00:06:53.674672+0300 ERROR An error has been caught in function 'notify', process 'MainProcess' (21004), thread 'MainThread' (19116):
Traceback (most recent call last):

  File "C:/Users/wacko/PycharmProjects/kodbot_Deadwacko/main.py", line 767, in <module>
    executor.start_polling(dp)
    |        |             -> <aiogram.dispatcher.dispatcher.Dispatcher object at 0x000002507479CF08>
    |        -> <function start_polling at 0x000002507322BCA8>
    -> <module 'aiogram.utils.executor' from 'C:\\Users\\wacko\\AppData\\Local\\Programs\\Python\\Python37\\lib\\site-packages\\aiog...

  File "C:\Users\wacko\AppData\Local\Programs\Python\Python37\lib\site-packages\aiogram\utils\executor.py", line 50, in start_polling
    allowed_updates=allowed_updates
                    -> None

  File "C:\Users\wacko\AppData\Local\Programs\Python\Python37\lib\site-packages\aiogram\utils\executor.py", line 323, in start_polling
    loop.run_forever()
    |    -> <function BaseEventLoop.run_forever at 0x00000250721BCE58>
    -> <_WindowsSelectorEventLoop running=True closed=False debug=False>

  File "C:\Users\wacko\AppData\Local\Programs\Python\Python37\lib\asyncio\base_events.py", line 541, in run_forever
    self._run_once()
    |    -> <function BaseEventLoop._run_once at 0x00000250721BE948>
    -> <_WindowsSelectorEventLoop running=True closed=False debug=False>

  File "C:\Users\wacko\AppData\Local\Programs\Python\Python37\lib\asyncio\base_events.py", line 1786, in _run_once
    handle._run()
    |      -> <function Handle._run at 0x000002507216E048>
    -> <Handle <TaskStepMethWrapper object at 0x00000250748AB7C8>()>

  File "C:\Users\wacko\AppData\Local\Programs\Python\Python37\lib\asyncio\events.py", line 88, in _run
    self._context.run(self._callback, *self._args)
    |    |            |    |           |    -> <member '_args' of 'Handle' objects>
    |    |            |    |           -> <Handle <TaskStepMethWrapper object at 0x00000250748AB7C8>()>
    |    |            |    -> <member '_callback' of 'Handle' objects>
    |    |            -> <Handle <TaskStepMethWrapper object at 0x00000250748AB7C8>()>
    |    -> <member '_context' of 'Handle' objects>
    -> <Handle <TaskStepMethWrapper object at 0x00000250748AB7C8>()>

  File "C:\Users\wacko\AppData\Local\Programs\Python\Python37\lib\site-packages\aiogram\dispatcher\handler.py", line 116, in notify
    response = await handler_obj.handler(*args, **partial_data)
                     |           |        |       -> {}
                     |           |        -> (<Update {"update_id": 452958090, "message": {"message_id": 1907, "from": {"id": 1026408343, "is_bot": false, "first_name": "...
                     |           -> <bound method Dispatcher.process_update of <aiogram.dispatcher.dispatcher.Dispatcher object at 0x000002507479CF08>>
                     -> Handler.HandlerObj(handler=<bound method Dispatcher.process_update of <aiogram.dispatcher.dispatcher.Dispatcher object at 0x0...

  File "C:\Users\wacko\AppData\Local\Programs\Python\Python37\lib\site-packages\aiogram\dispatcher\dispatcher.py", line 256, in process_update
    return await self.message_handlers.notify(update.message)
                 |    |                |      |      -> <aiogram.types.fields.Field object at 0x00000250731B99C8>
                 |    |                |      -> <Update {"update_id": 452958090, "message": {"message_id": 1907, "from": {"id": 1026408343, "is_bot": false, "first_name": "Ю...
                 |    |                -> <function Handler.notify at 0x00000250732415E8>
                 |    -> <aiogram.dispatcher.handler.Handler object at 0x000002507479CD08>
                 -> <aiogram.dispatcher.dispatcher.Dispatcher object at 0x000002507479CF08>

> File "C:\Users\wacko\AppData\Local\Programs\Python\Python37\lib\site-packages\aiogram\dispatcher\handler.py", line 116, in notify
    response = await handler_obj.handler(*args, **partial_data)
                     |           |        |       -> {}
                     |           |        -> (<Message {"message_id": 1907, "from": {"id": 1026408343, "is_bot": false, "first_name": "Юлия", "last_name": "Юдина", "usern...
                     |           -> <function input_text_msg at 0x00000250747F79D8>
                     -> Handler.HandlerObj(handler=<function input_text_msg at 0x00000250747F79D8>, spec=FullArgSpec(args=['msg'], varargs=None, vark...

  File "C:/Users/wacko/PycharmProjects/kodbot_Deadwacko/main.py", line 372, in input_text_msg
    padawan_full_name = new_messedge.split("\n")[1]
                        |            -> <method 'split' of 'str' objects>
                        -> '957628'

IndexError: list index out of range
2022-01-20T00:07:00.332150+0300 SUCCESS Пришло сообщение от пользователя 1026408343
2022-01-20T00:07:00.333163+0300 SUCCESS 957628
Юдина Юлия
2022-01-20T00:07:00.333163+0300 SUCCESS Сообщение от пользователя 1026408343 Обрабатывается
2022-01-20T00:07:00.661180+0300 SUCCESS Ученик: Юдина Юлия Группа: TEST_GROUP День занятий: ПятницаВремя занятий:17:00 Последнее занятие: М1У0 дабавлен в свою группу.
2022-01-20T00:07:14.641070+0300 SUCCESS Смена статуса ученика 1026408343 произведена на flag_add_padawan
2022-01-20T00:13:53.314301+0300 DEBUG пользователь 421236964 Нажал стартовую клавиатуру
2022-01-20T00:13:53.315314+0300 SUCCESS Нажали старт
2022-01-20T00:13:55.627076+0300 SUCCESS Ученик 421236964 Вводит код
2022-01-20T00:13:55.703581+0300 SUCCESS Смена статуса ученика 421236964 произведена на flag_add_padawan
2022-01-20T00:16:27.306274+0300 SUCCESS Пришло сообщение от пользователя 421236964
2022-01-20T00:16:27.306274+0300 SUCCESS 546754
Ильичев Артём
2022-01-20T00:16:27.306274+0300 SUCCESS Сообщение от пользователя 421236964 Обрабатывается
2022-01-20T00:18:46.455401+0300 SUCCESS БОТ СТАРТАНУЛ
2022-01-20T00:20:10.958457+0300 SUCCESS Пришло сообщение от пользователя 421236964
2022-01-20T00:20:10.958457+0300 SUCCESS 957628
Ильичев Артём
2022-01-20T00:20:10.959458+0300 SUCCESS Сообщение от пользователя 421236964 Обрабатывается
2022-01-20T00:20:11.038023+0300 SUCCESS Ученик: Ильичев Артём Группа: TEST_GROUP День занятий: ПятницаВремя занятий:17:00 Последнее занятие: М1У0 дабавлен в свою группу.
2022-01-20T00:21:35.414252+0300 SUCCESS Пришло сообщение от пользователя 421236964
2022-01-20T00:21:35.415254+0300 SUCCESS 1
2022-01-20T00:21:35.415254+0300 SUCCESS Сообщение от пользователя 421236964 Обрабатывается
2022-01-20T01:23:01.366938+0300 SUCCESS Пришло сообщение от пользователя 397584737
2022-01-20T01:23:01.367949+0300 SUCCESS О
2022-01-20T01:23:01.367949+0300 SUCCESS Сообщение от пользователя 397584737 Обрабатывается
2022-01-20T03:33:49.904620+0300 DEBUG пользователь 1040453743 Нажал стартовую клавиатуру
2022-01-20T03:33:49.905620+0300 SUCCESS Нажали старт
2022-01-20T03:34:22.729892+0300 SUCCESS Ученик 1040453743 Вводит код
2022-01-20T03:34:22.907606+0300 SUCCESS Смена статуса ученика 1040453743 произведена на flag_add_padawan
2022-01-20T03:36:38.469939+0300 SUCCESS Пришло сообщение от пользователя 1040453743
2022-01-20T03:36:38.470952+0300 SUCCESS 957628
Сулаев Владимир
2022-01-20T03:36:38.470952+0300 SUCCESS Сообщение от пользователя 1040453743 Обрабатывается
2022-01-20T03:36:38.542815+0300 SUCCESS Ученик: Сулаев Владимир Группа: TEST_GROUP День занятий: ПятницаВремя занятий:17:00 Последнее занятие: М1У0 дабавлен в свою группу.
2022-01-20T04:24:27.698305+0300 DEBUG пользователь 556209660 Нажал стартовую клавиатуру
2022-01-20T04:24:27.698305+0300 SUCCESS Нажали старт
2022-01-20T04:24:30.480742+0300 SUCCESS Преподаватель 556209660 регистрируется
2022-01-20T04:24:47.234439+0300 SUCCESS Ученик 556209660 Вводит код
2022-01-20T04:24:47.542574+0300 SUCCESS Смена статуса ученика 556209660 произведена на flag_add_padawan
2022-01-20T04:26:26.536521+0300 SUCCESS Пришло сообщение от пользователя 556209660
2022-01-20T04:26:26.537523+0300 SUCCESS 505073 Попов Сергей
2022-01-20T04:26:26.537523+0300 SUCCESS Сообщение от пользователя 556209660 Обрабатывается
2022-01-20T04:26:26.545539+0300 ERROR An error has been caught in function 'notify', process 'MainProcess' (11556), thread 'MainThread' (16080):
Traceback (most recent call last):

  File "C:/Users/wacko/PycharmProjects/kodbot_Deadwacko/main.py", line 767, in <module>
    executor.start_polling(dp)
    |        |             -> <aiogram.dispatcher.dispatcher.Dispatcher object at 0x0000026BA6A0F608>
    |        -> <function start_polling at 0x0000026BA5C7BCA8>
    -> <module 'aiogram.utils.executor' from 'C:\\Users\\wacko\\AppData\\Local\\Programs\\Python\\Python37\\lib\\site-packages\\aiog...

  File "C:\Users\wacko\AppData\Local\Programs\Python\Python37\lib\site-packages\aiogram\utils\executor.py", line 50, in start_polling
    allowed_updates=allowed_updates
                    -> None

  File "C:\Users\wacko\AppData\Local\Programs\Python\Python37\lib\site-packages\aiogram\utils\executor.py", line 323, in start_polling
    loop.run_forever()
    |    -> <function BaseEventLoop.run_forever at 0x0000026BA4C0CE58>
    -> <_WindowsSelectorEventLoop running=True closed=False debug=False>

  File "C:\Users\wacko\AppData\Local\Programs\Python\Python37\lib\asyncio\base_events.py", line 541, in run_forever
    self._run_once()
    |    -> <function BaseEventLoop._run_once at 0x0000026BA4C0E948>
    -> <_WindowsSelectorEventLoop running=True closed=False debug=False>

  File "C:\Users\wacko\AppData\Local\Programs\Python\Python37\lib\asyncio\base_events.py", line 1786, in _run_once
    handle._run()
    |      -> <function Handle._run at 0x0000026BA4BBE048>
    -> <Handle <TaskStepMethWrapper object at 0x0000026BA72A8F08>()>

  File "C:\Users\wacko\AppData\Local\Programs\Python\Python37\lib\asyncio\events.py", line 88, in _run
    self._context.run(self._callback, *self._args)
    |    |            |    |           |    -> <member '_args' of 'Handle' objects>
    |    |            |    |           -> <Handle <TaskStepMethWrapper object at 0x0000026BA72A8F08>()>
    |    |            |    -> <member '_callback' of 'Handle' objects>
    |    |            -> <Handle <TaskStepMethWrapper object at 0x0000026BA72A8F08>()>
    |    -> <member '_context' of 'Handle' objects>
    -> <Handle <TaskStepMethWrapper object at 0x0000026BA72A8F08>()>

  File "C:\Users\wacko\AppData\Local\Programs\Python\Python37\lib\site-packages\aiogram\dispatcher\handler.py", line 116, in notify
    response = await handler_obj.handler(*args, **partial_data)
                     |           |        |       -> {}
                     |           |        -> (<Update {"update_id": 452958105, "message": {"message_id": 1938, "from": {"id": 556209660, "is_bot": false, "first_name": "С...
                     |           -> <bound method Dispatcher.process_update of <aiogram.dispatcher.dispatcher.Dispatcher object at 0x0000026BA6A0F608>>
                     -> Handler.HandlerObj(handler=<bound method Dispatcher.process_update of <aiogram.dispatcher.dispatcher.Dispatcher object at 0x0...

  File "C:\Users\wacko\AppData\Local\Programs\Python\Python37\lib\site-packages\aiogram\dispatcher\dispatcher.py", line 256, in process_update
    return await self.message_handlers.notify(update.message)
                 |    |                |      |      -> <aiogram.types.fields.Field object at 0x0000026BA5C097C8>
                 |    |                |      -> <Update {"update_id": 452958105, "message": {"message_id": 1938, "from": {"id": 556209660, "is_bot": false, "first_name": "Се...
                 |    |                -> <function Handler.notify at 0x0000026BA5C8F5E8>
                 |    -> <aiogram.dispatcher.handler.Handler object at 0x0000026BA71DC388>
                 -> <aiogram.dispatcher.dispatcher.Dispatcher object at 0x0000026BA6A0F608>

> File "C:\Users\wacko\AppData\Local\Programs\Python\Python37\lib\site-packages\aiogram\dispatcher\handler.py", line 116, in notify
    response = await handler_obj.handler(*args, **partial_data)
                     |           |        |       -> {}
                     |           |        -> (<Message {"message_id": 1938, "from": {"id": 556209660, "is_bot": false, "first_name": "Сергей", "last_name": "Попов", "user...
                     |           -> <function input_text_msg at 0x0000026BA72369D8>
                     -> Handler.HandlerObj(handler=<function input_text_msg at 0x0000026BA72369D8>, spec=FullArgSpec(args=['msg'], varargs=None, vark...

  File "C:/Users/wacko/PycharmProjects/kodbot_Deadwacko/main.py", line 372, in input_text_msg
    padawan_full_name = new_messedge.split("\n")[1]
                        |            -> <method 'split' of 'str' objects>
                        -> '505073 Попов Сергей'

IndexError: list index out of range
2022-01-20T04:27:52.332714+0300 SUCCESS Пришло сообщение от пользователя 556209660
2022-01-20T04:27:52.332714+0300 SUCCESS 957628 Попов Сергей
2022-01-20T04:27:52.332714+0300 SUCCESS Сообщение от пользователя 556209660 Обрабатывается
2022-01-20T04:27:52.333715+0300 ERROR An error has been caught in function 'notify', process 'MainProcess' (11556), thread 'MainThread' (16080):
Traceback (most recent call last):

  File "C:/Users/wacko/PycharmProjects/kodbot_Deadwacko/main.py", line 767, in <module>
    executor.start_polling(dp)
    |        |             -> <aiogram.dispatcher.dispatcher.Dispatcher object at 0x0000026BA6A0F608>
    |        -> <function start_polling at 0x0000026BA5C7BCA8>
    -> <module 'aiogram.utils.executor' from 'C:\\Users\\wacko\\AppData\\Local\\Programs\\Python\\Python37\\lib\\site-packages\\aiog...

  File "C:\Users\wacko\AppData\Local\Programs\Python\Python37\lib\site-packages\aiogram\utils\executor.py", line 50, in start_polling
    allowed_updates=allowed_updates
                    -> None

  File "C:\Users\wacko\AppData\Local\Programs\Python\Python37\lib\site-packages\aiogram\utils\executor.py", line 323, in start_polling
    loop.run_forever()
    |    -> <function BaseEventLoop.run_forever at 0x0000026BA4C0CE58>
    -> <_WindowsSelectorEventLoop running=True closed=False debug=False>

  File "C:\Users\wacko\AppData\Local\Programs\Python\Python37\lib\asyncio\base_events.py", line 541, in run_forever
    self._run_once()
    |    -> <function BaseEventLoop._run_once at 0x0000026BA4C0E948>
    -> <_WindowsSelectorEventLoop running=True closed=False debug=False>

  File "C:\Users\wacko\AppData\Local\Programs\Python\Python37\lib\asyncio\base_events.py", line 1786, in _run_once
    handle._run()
    |      -> <function Handle._run at 0x0000026BA4BBE048>
    -> <Handle <TaskStepMethWrapper object at 0x0000026BA73C0C48>()>

  File "C:\Users\wacko\AppData\Local\Programs\Python\Python37\lib\asyncio\events.py", line 88, in _run
    self._context.run(self._callback, *self._args)
    |    |            |    |           |    -> <member '_args' of 'Handle' objects>
    |    |            |    |           -> <Handle <TaskStepMethWrapper object at 0x0000026BA73C0C48>()>
    |    |            |    -> <member '_callback' of 'Handle' objects>
    |    |            -> <Handle <TaskStepMethWrapper object at 0x0000026BA73C0C48>()>
    |    -> <member '_context' of 'Handle' objects>
    -> <Handle <TaskStepMethWrapper object at 0x0000026BA73C0C48>()>

  File "C:\Users\wacko\AppData\Local\Programs\Python\Python37\lib\site-packages\aiogram\dispatcher\handler.py", line 116, in notify
    response = await handler_obj.handler(*args, **partial_data)
                     |           |        |       -> {}
                     |           |        -> (<Update {"update_id": 452958106, "message": {"message_id": 1939, "from": {"id": 556209660, "is_bot": false, "first_name": "С...
                     |           -> <bound method Dispatcher.process_update of <aiogram.dispatcher.dispatcher.Dispatcher object at 0x0000026BA6A0F608>>
                     -> Handler.HandlerObj(handler=<bound method Dispatcher.process_update of <aiogram.dispatcher.dispatcher.Dispatcher object at 0x0...

  File "C:\Users\wacko\AppData\Local\Programs\Python\Python37\lib\site-packages\aiogram\dispatcher\dispatcher.py", line 256, in process_update
    return await self.message_handlers.notify(update.message)
                 |    |                |      |      -> <aiogram.types.fields.Field object at 0x0000026BA5C097C8>
                 |    |                |      -> <Update {"update_id": 452958106, "message": {"message_id": 1939, "from": {"id": 556209660, "is_bot": false, "first_name": "Се...
                 |    |                -> <function Handler.notify at 0x0000026BA5C8F5E8>
                 |    -> <aiogram.dispatcher.handler.Handler object at 0x0000026BA71DC388>
                 -> <aiogram.dispatcher.dispatcher.Dispatcher object at 0x0000026BA6A0F608>

> File "C:\Users\wacko\AppData\Local\Programs\Python\Python37\lib\site-packages\aiogram\dispatcher\handler.py", line 116, in notify
    response = await handler_obj.handler(*args, **partial_data)
                     |           |        |       -> {}
                     |           |        -> (<Message {"message_id": 1939, "from": {"id": 556209660, "is_bot": false, "first_name": "Сергей", "last_name": "Попов", "user...
                     |           -> <function input_text_msg at 0x0000026BA72369D8>
                     -> Handler.HandlerObj(handler=<function input_text_msg at 0x0000026BA72369D8>, spec=FullArgSpec(args=['msg'], varargs=None, vark...

  File "C:/Users/wacko/PycharmProjects/kodbot_Deadwacko/main.py", line 372, in input_text_msg
    padawan_full_name = new_messedge.split("\n")[1]
                        |            -> <method 'split' of 'str' objects>
                        -> '957628 Попов Сергей'

IndexError: list index out of range
2022-01-20T04:29:20.261205+0300 SUCCESS Пришло сообщение от пользователя 556209660
2022-01-20T04:29:20.262204+0300 SUCCESS /stop
2022-01-20T04:29:20.262204+0300 SUCCESS Сообщение от пользователя 556209660 Обрабатывается
2022-01-20T04:29:20.262204+0300 ERROR An error has been caught in function 'notify', process 'MainProcess' (11556), thread 'MainThread' (16080):
Traceback (most recent call last):

  File "C:/Users/wacko/PycharmProjects/kodbot_Deadwacko/main.py", line 767, in <module>
    executor.start_polling(dp)
    |        |             -> <aiogram.dispatcher.dispatcher.Dispatcher object at 0x0000026BA6A0F608>
    |        -> <function start_polling at 0x0000026BA5C7BCA8>
    -> <module 'aiogram.utils.executor' from 'C:\\Users\\wacko\\AppData\\Local\\Programs\\Python\\Python37\\lib\\site-packages\\aiog...

  File "C:\Users\wacko\AppData\Local\Programs\Python\Python37\lib\site-packages\aiogram\utils\executor.py", line 50, in start_polling
    allowed_updates=allowed_updates
                    -> None

  File "C:\Users\wacko\AppData\Local\Programs\Python\Python37\lib\site-packages\aiogram\utils\executor.py", line 323, in start_polling
    loop.run_forever()
    |    -> <function BaseEventLoop.run_forever at 0x0000026BA4C0CE58>
    -> <_WindowsSelectorEventLoop running=True closed=False debug=False>

  File "C:\Users\wacko\AppData\Local\Programs\Python\Python37\lib\asyncio\base_events.py", line 541, in run_forever
    self._run_once()
    |    -> <function BaseEventLoop._run_once at 0x0000026BA4C0E948>
    -> <_WindowsSelectorEventLoop running=True closed=False debug=False>

  File "C:\Users\wacko\AppData\Local\Programs\Python\Python37\lib\asyncio\base_events.py", line 1786, in _run_once
    handle._run()
    |      -> <function Handle._run at 0x0000026BA4BBE048>
    -> <Handle <TaskStepMethWrapper object at 0x0000026BA72B4088>()>

  File "C:\Users\wacko\AppData\Local\Programs\Python\Python37\lib\asyncio\events.py", line 88, in _run
    self._context.run(self._callback, *self._args)
    |    |            |    |           |    -> <member '_args' of 'Handle' objects>
    |    |            |    |           -> <Handle <TaskStepMethWrapper object at 0x0000026BA72B4088>()>
    |    |            |    -> <member '_callback' of 'Handle' objects>
    |    |            -> <Handle <TaskStepMethWrapper object at 0x0000026BA72B4088>()>
    |    -> <member '_context' of 'Handle' objects>
    -> <Handle <TaskStepMethWrapper object at 0x0000026BA72B4088>()>

  File "C:\Users\wacko\AppData\Local\Programs\Python\Python37\lib\site-packages\aiogram\dispatcher\handler.py", line 116, in notify
    response = await handler_obj.handler(*args, **partial_data)
                     |           |        |       -> {}
                     |           |        -> (<Update {"update_id": 452958107, "message": {"message_id": 1940, "from": {"id": 556209660, "is_bot": false, "first_name": "С...
                     |           -> <bound method Dispatcher.process_update of <aiogram.dispatcher.dispatcher.Dispatcher object at 0x0000026BA6A0F608>>
                     -> Handler.HandlerObj(handler=<bound method Dispatcher.process_update of <aiogram.dispatcher.dispatcher.Dispatcher object at 0x0...

  File "C:\Users\wacko\AppData\Local\Programs\Python\Python37\lib\site-packages\aiogram\dispatcher\dispatcher.py", line 256, in process_update
    return await self.message_handlers.notify(update.message)
                 |    |                |      |      -> <aiogram.types.fields.Field object at 0x0000026BA5C097C8>
                 |    |                |      -> <Update {"update_id": 452958107, "message": {"message_id": 1940, "from": {"id": 556209660, "is_bot": false, "first_name": "Се...
                 |    |                -> <function Handler.notify at 0x0000026BA5C8F5E8>
                 |    -> <aiogram.dispatcher.handler.Handler object at 0x0000026BA71DC388>
                 -> <aiogram.dispatcher.dispatcher.Dispatcher object at 0x0000026BA6A0F608>

> File "C:\Users\wacko\AppData\Local\Programs\Python\Python37\lib\site-packages\aiogram\dispatcher\handler.py", line 116, in notify
    response = await handler_obj.handler(*args, **partial_data)
                     |           |        |       -> {}
                     |           |        -> (<Message {"message_id": 1940, "from": {"id": 556209660, "is_bot": false, "first_name": "Сергей", "last_name": "Попов", "user...
                     |           -> <function input_text_msg at 0x0000026BA72369D8>
                     -> Handler.HandlerObj(handler=<function input_text_msg at 0x0000026BA72369D8>, spec=FullArgSpec(args=['msg'], varargs=None, vark...

  File "C:/Users/wacko/PycharmProjects/kodbot_Deadwacko/main.py", line 372, in input_text_msg
    padawan_full_name = new_messedge.split("\n")[1]
                        |            -> <method 'split' of 'str' objects>
                        -> '/stop'

IndexError: list index out of range
2022-01-20T04:29:28.942834+0300 DEBUG пользователь 556209660 Нажал стартовую клавиатуру
2022-01-20T04:29:28.942834+0300 SUCCESS Нажали старт
2022-01-20T04:29:30.709101+0300 SUCCESS Ученик 556209660 Вводит код
2022-01-20T04:29:30.781377+0300 SUCCESS Смена статуса ученика 556209660 произведена на flag_add_padawan
2022-01-20T04:29:45.011673+0300 SUCCESS Пришло сообщение от пользователя 556209660
2022-01-20T04:29:45.012673+0300 SUCCESS 957628 Попов Сергей
2022-01-20T04:29:45.012673+0300 SUCCESS Сообщение от пользователя 556209660 Обрабатывается
2022-01-20T04:29:45.014682+0300 ERROR An error has been caught in function 'notify', process 'MainProcess' (11556), thread 'MainThread' (16080):
Traceback (most recent call last):

  File "C:/Users/wacko/PycharmProjects/kodbot_Deadwacko/main.py", line 767, in <module>
    executor.start_polling(dp)
    |        |             -> <aiogram.dispatcher.dispatcher.Dispatcher object at 0x0000026BA6A0F608>
    |        -> <function start_polling at 0x0000026BA5C7BCA8>
    -> <module 'aiogram.utils.executor' from 'C:\\Users\\wacko\\AppData\\Local\\Programs\\Python\\Python37\\lib\\site-packages\\aiog...

  File "C:\Users\wacko\AppData\Local\Programs\Python\Python37\lib\site-packages\aiogram\utils\executor.py", line 50, in start_polling
    allowed_updates=allowed_updates
                    -> None

  File "C:\Users\wacko\AppData\Local\Programs\Python\Python37\lib\site-packages\aiogram\utils\executor.py", line 323, in start_polling
    loop.run_forever()
    |    -> <function BaseEventLoop.run_forever at 0x0000026BA4C0CE58>
    -> <_WindowsSelectorEventLoop running=True closed=False debug=False>

  File "C:\Users\wacko\AppData\Local\Programs\Python\Python37\lib\asyncio\base_events.py", line 541, in run_forever
    self._run_once()
    |    -> <function BaseEventLoop._run_once at 0x0000026BA4C0E948>
    -> <_WindowsSelectorEventLoop running=True closed=False debug=False>

  File "C:\Users\wacko\AppData\Local\Programs\Python\Python37\lib\asyncio\base_events.py", line 1786, in _run_once
    handle._run()
    |      -> <function Handle._run at 0x0000026BA4BBE048>
    -> <Handle <TaskStepMethWrapper object at 0x0000026BA728FF88>()>

  File "C:\Users\wacko\AppData\Local\Programs\Python\Python37\lib\asyncio\events.py", line 88, in _run
    self._context.run(self._callback, *self._args)
    |    |            |    |           |    -> <member '_args' of 'Handle' objects>
    |    |            |    |           -> <Handle <TaskStepMethWrapper object at 0x0000026BA728FF88>()>
    |    |            |    -> <member '_callback' of 'Handle' objects>
    |    |            -> <Handle <TaskStepMethWrapper object at 0x0000026BA728FF88>()>
    |    -> <member '_context' of 'Handle' objects>
    -> <Handle <TaskStepMethWrapper object at 0x0000026BA728FF88>()>

  File "C:\Users\wacko\AppData\Local\Programs\Python\Python37\lib\site-packages\aiogram\dispatcher\handler.py", line 116, in notify
    response = await handler_obj.handler(*args, **partial_data)
                     |           |        |       -> {}
                     |           |        -> (<Update {"update_id": 452958110, "message": {"message_id": 1944, "from": {"id": 556209660, "is_bot": false, "first_name": "С...
                     |           -> <bound method Dispatcher.process_update of <aiogram.dispatcher.dispatcher.Dispatcher object at 0x0000026BA6A0F608>>
                     -> Handler.HandlerObj(handler=<bound method Dispatcher.process_update of <aiogram.dispatcher.dispatcher.Dispatcher object at 0x0...

  File "C:\Users\wacko\AppData\Local\Programs\Python\Python37\lib\site-packages\aiogram\dispatcher\dispatcher.py", line 256, in process_update
    return await self.message_handlers.notify(update.message)
                 |    |                |      |      -> <aiogram.types.fields.Field object at 0x0000026BA5C097C8>
                 |    |                |      -> <Update {"update_id": 452958110, "message": {"message_id": 1944, "from": {"id": 556209660, "is_bot": false, "first_name": "Се...
                 |    |                -> <function Handler.notify at 0x0000026BA5C8F5E8>
                 |    -> <aiogram.dispatcher.handler.Handler object at 0x0000026BA71DC388>
                 -> <aiogram.dispatcher.dispatcher.Dispatcher object at 0x0000026BA6A0F608>

> File "C:\Users\wacko\AppData\Local\Programs\Python\Python37\lib\site-packages\aiogram\dispatcher\handler.py", line 116, in notify
    response = await handler_obj.handler(*args, **partial_data)
                     |           |        |       -> {}
                     |           |        -> (<Message {"message_id": 1944, "from": {"id": 556209660, "is_bot": false, "first_name": "Сергей", "last_name": "Попов", "user...
                     |           -> <function input_text_msg at 0x0000026BA72369D8>
                     -> Handler.HandlerObj(handler=<function input_text_msg at 0x0000026BA72369D8>, spec=FullArgSpec(args=['msg'], varargs=None, vark...

  File "C:/Users/wacko/PycharmProjects/kodbot_Deadwacko/main.py", line 372, in input_text_msg
    padawan_full_name = new_messedge.split("\n")[1]
                        |            -> <method 'split' of 'str' objects>
                        -> '957628 Попов Сергей'

IndexError: list index out of range
2022-01-20T04:30:38.464343+0300 SUCCESS Пришло сообщение от пользователя 556209660
2022-01-20T04:30:38.465331+0300 SUCCESS 957628
Попов Сергей
2022-01-20T04:30:38.465331+0300 SUCCESS Сообщение от пользователя 556209660 Обрабатывается
2022-01-20T04:30:38.548194+0300 SUCCESS Ученик: Попов Сергей Группа: TEST_GROUP День занятий: ПятницаВремя занятий:17:00 Последнее занятие: М1У0 дабавлен в свою группу.
2022-01-20T11:26:04.821469+0300 SUCCESS Пришло сообщение от пользователя 397584737
2022-01-20T11:26:04.821469+0300 SUCCESS .
2022-01-20T11:26:04.821469+0300 SUCCESS Сообщение от пользователя 397584737 Обрабатывается
2022-01-20T11:26:32.969485+0300 DEBUG пользователь 891587657 Нажал стартовую клавиатуру
2022-01-20T11:26:32.969485+0300 SUCCESS Нажали старт
2022-01-20T11:26:34.942942+0300 SUCCESS Ученик 891587657 Вводит код
2022-01-20T11:26:35.035784+0300 SUCCESS Смена статуса ученика 891587657 произведена на flag_add_padawan
2022-01-20T11:26:57.937910+0300 SUCCESS Пришло сообщение от пользователя 891587657
2022-01-20T11:26:57.937910+0300 SUCCESS 105409
Твой ТЛ
2022-01-20T11:26:57.938908+0300 SUCCESS Сообщение от пользователя 891587657 Обрабатывается
2022-01-20T11:26:58.035776+0300 SUCCESS Ученик: Твой ТЛ Группа: Mini_2776_С-18 День занятий: СубботаВремя занятий:18:00 Последнее занятие: М5У1 дабавлен в свою группу.
2022-01-20T11:30:58.013712+0300 DEBUG пользователь 891587657 Нажал стартовую клавиатуру
2022-01-20T11:30:58.013712+0300 SUCCESS Нажали старт
2022-01-20T11:31:00.246229+0300 SUCCESS Преподаватель 891587657 регистрируется
2022-01-20T11:31:05.058585+0300 SUCCESS Преподаватель 891587657 регистрируется
2022-01-20T12:50:10.147606+0300 SUCCESS БОТ СТАРТАНУЛ
2022-01-20T12:51:40.769392+0300 DEBUG пользователь 891587657 Нажал стартовую клавиатуру
2022-01-20T12:51:40.770393+0300 SUCCESS Нажали старт
2022-01-20T12:52:43.886068+0300 SUCCESS Ученик 891587657 Вводит код
2022-01-20T12:52:43.960466+0300 SUCCESS Смена статуса ученика 891587657 произведена на flag_add_padawan
2022-01-20T13:48:46.020947+0300 DEBUG пользователь 664475103 Нажал стартовую клавиатуру
2022-01-20T13:48:46.020947+0300 SUCCESS Нажали старт
2022-01-20T13:48:48.704609+0300 SUCCESS Ученик 664475103 Вводит код
2022-01-20T13:48:48.818001+0300 SUCCESS Смена статуса ученика 664475103 произведена на flag_add_padawan
2022-01-20T13:49:21.141544+0300 SUCCESS Пришло сообщение от пользователя 664475103
2022-01-20T13:49:21.141544+0300 SUCCESS 105505
Поляков Иван
2022-01-20T13:49:21.142540+0300 SUCCESS Сообщение от пользователя 664475103 Обрабатывается
2022-01-20T13:49:21.148542+0300 ERROR An error has been caught in function 'notify', process 'MainProcess' (11388), thread 'MainThread' (25352):
Traceback (most recent call last):

  File "C:/Users/wacko/PycharmProjects/kodbot_Deadwacko/main.py", line 767, in <module>
    executor.start_polling(dp)
    |        |             -> <aiogram.dispatcher.dispatcher.Dispatcher object at 0x000001FCF2EC1288>
    |        -> <function start_polling at 0x000001FCF3BEBCA8>
    -> <module 'aiogram.utils.executor' from 'C:\\Users\\wacko\\AppData\\Local\\Programs\\Python\\Python37\\lib\\site-packages\\aiog...

  File "C:\Users\wacko\AppData\Local\Programs\Python\Python37\lib\site-packages\aiogram\utils\executor.py", line 50, in start_polling
    allowed_updates=allowed_updates
                    -> None

  File "C:\Users\wacko\AppData\Local\Programs\Python\Python37\lib\site-packages\aiogram\utils\executor.py", line 323, in start_polling
    loop.run_forever()
    |    -> <function BaseEventLoop.run_forever at 0x000001FCF2B7CE58>
    -> <_WindowsSelectorEventLoop running=True closed=False debug=False>

  File "C:\Users\wacko\AppData\Local\Programs\Python\Python37\lib\asyncio\base_events.py", line 541, in run_forever
    self._run_once()
    |    -> <function BaseEventLoop._run_once at 0x000001FCF2B7E948>
    -> <_WindowsSelectorEventLoop running=True closed=False debug=False>

  File "C:\Users\wacko\AppData\Local\Programs\Python\Python37\lib\asyncio\base_events.py", line 1786, in _run_once
    handle._run()
    |      -> <function Handle._run at 0x000001FCF2B2E048>
    -> <Handle <TaskStepMethWrapper object at 0x000001FCF52450C8>()>

  File "C:\Users\wacko\AppData\Local\Programs\Python\Python37\lib\asyncio\events.py", line 88, in _run
    self._context.run(self._callback, *self._args)
    |    |            |    |           |    -> <member '_args' of 'Handle' objects>
    |    |            |    |           -> <Handle <TaskStepMethWrapper object at 0x000001FCF52450C8>()>
    |    |            |    -> <member '_callback' of 'Handle' objects>
    |    |            -> <Handle <TaskStepMethWrapper object at 0x000001FCF52450C8>()>
    |    -> <member '_context' of 'Handle' objects>
    -> <Handle <TaskStepMethWrapper object at 0x000001FCF52450C8>()>

  File "C:\Users\wacko\AppData\Local\Programs\Python\Python37\lib\site-packages\aiogram\dispatcher\handler.py", line 116, in notify
    response = await handler_obj.handler(*args, **partial_data)
                     |           |        |       -> {}
                     |           |        -> (<Update {"update_id": 452958126, "message": {"message_id": 1973, "from": {"id": 664475103, "is_bot": false, "first_name": "И...
                     |           -> <bound method Dispatcher.process_update of <aiogram.dispatcher.dispatcher.Dispatcher object at 0x000001FCF2EC1288>>
                     -> Handler.HandlerObj(handler=<bound method Dispatcher.process_update of <aiogram.dispatcher.dispatcher.Dispatcher object at 0x0...

  File "C:\Users\wacko\AppData\Local\Programs\Python\Python37\lib\site-packages\aiogram\dispatcher\dispatcher.py", line 256, in process_update
    return await self.message_handlers.notify(update.message)
                 |    |                |      |      -> <aiogram.types.fields.Field object at 0x000001FCF3B799C8>
                 |    |                |      -> <Update {"update_id": 452958126, "message": {"message_id": 1973, "from": {"id": 664475103, "is_bot": false, "first_name": "Ив...
                 |    |                -> <function Handler.notify at 0x000001FCF3C005E8>
                 |    -> <aiogram.dispatcher.handler.Handler object at 0x000001FCF514CD88>
                 -> <aiogram.dispatcher.dispatcher.Dispatcher object at 0x000001FCF2EC1288>

> File "C:\Users\wacko\AppData\Local\Programs\Python\Python37\lib\site-packages\aiogram\dispatcher\handler.py", line 116, in notify
    response = await handler_obj.handler(*args, **partial_data)
                     |           |        |       -> {}
                     |           |        -> (<Message {"message_id": 1973, "from": {"id": 664475103, "is_bot": false, "first_name": "Иван", "username": "Ivananarchocommy...
                     |           -> <function input_text_msg at 0x000001FCF51A69D8>
                     -> Handler.HandlerObj(handler=<function input_text_msg at 0x000001FCF51A69D8>, spec=FullArgSpec(args=['msg'], varargs=None, vark...

  File "C:/Users/wacko/PycharmProjects/kodbot_Deadwacko/main.py", line 376, in input_text_msg
    padawan_full_name=padawan_full_name)
                      -> 'Поляков Иван'

  File "C:\Users\wacko\PycharmProjects\kodbot_Deadwacko\working_with_json.py", line 71, in json_add_new_padawan
    input_group_name = json_group_find_pin(auth_padawan_pin)
                       |                   -> '105505'
                       -> <function json_group_find_pin at 0x000001FCF3D85948>

  File "C:\Users\wacko\PycharmProjects\kodbot_Deadwacko\working_with_json.py", line 155, in json_group_find_pin
    json_data = json.load(f)
                |    |    -> <_io.TextIOWrapper name='data.JSON' mode='r' encoding='utf-8'>
                |    -> <function load at 0x000001FCF2D421F8>
                -> <module 'json' from 'C:\\Users\\wacko\\AppData\\Local\\Programs\\Python\\Python37\\lib\\json\\__init__.py'>

  File "C:\Users\wacko\AppData\Local\Programs\Python\Python37\lib\json\__init__.py", line 296, in load
    parse_constant=parse_constant, object_pairs_hook=object_pairs_hook, **kw)
                   |                                 |                    -> {}
                   |                                 -> None
                   -> None

  File "C:\Users\wacko\AppData\Local\Programs\Python\Python37\lib\json\__init__.py", line 348, in loads
    return _default_decoder.decode(s)
           |                |      -> '{\n  "jedi": {\n    "397584737": {\n      "full_name": "Костюкевич Михаил",\n      "jedi_kodland_email": "None",\n      "pad...
           |                -> <function JSONDecoder.decode at 0x000001FCF2D3CDC8>
           -> <json.decoder.JSONDecoder object at 0x000001FCF2D5FCC8>

  File "C:\Users\wacko\AppData\Local\Programs\Python\Python37\lib\json\decoder.py", line 337, in decode
    obj, end = self.raw_decode(s, idx=_w(s, 0).end())
               |    |          |      |  -> '{\n  "jedi": {\n    "397584737": {\n      "full_name": "Костюкевич Михаил",\n      "jedi_kodland_email": "None",\n      "pad...
               |    |          |      -> <built-in method match of re.Pattern object at 0x000001FCF2D264B0>
               |    |          -> '{\n  "jedi": {\n    "397584737": {\n      "full_name": "Костюкевич Михаил",\n      "jedi_kodland_email": "None",\n      "pad...
               |    -> <function JSONDecoder.raw_decode at 0x000001FCF2D3CEE8>
               -> <json.decoder.JSONDecoder object at 0x000001FCF2D5FCC8>

  File "C:\Users\wacko\AppData\Local\Programs\Python\Python37\lib\json\decoder.py", line 353, in raw_decode
    obj, end = self.scan_once(s, idx)
               |    |         |  -> 0
               |    |         -> '{\n  "jedi": {\n    "397584737": {\n      "full_name": "Костюкевич Михаил",\n      "jedi_kodland_email": "None",\n      "pad...
               |    -> <_json.Scanner object at 0x000001FCF2D66408>
               -> <json.decoder.JSONDecoder object at 0x000001FCF2D5FCC8>

json.decoder.JSONDecodeError: Expecting property name enclosed in double quotes: line 223 column 3 (char 6125)
2022-01-20T17:46:08.368414+0300 SUCCESS БОТ СТАРТАНУЛ
2022-01-20T17:48:54.545852+0300 DEBUG пользователь 549491369 Нажал стартовую клавиатуру
2022-01-20T17:48:54.545852+0300 SUCCESS Нажали старт
2022-01-20T17:48:58.311015+0300 SUCCESS Ученик 549491369 Вводит код
2022-01-20T17:48:58.401521+0300 SUCCESS Смена статуса ученика 549491369 произведена на flag_add_padawan
2022-01-20T17:49:32.698236+0300 SUCCESS Пришло сообщение от пользователя 549491369
2022-01-20T17:49:32.699235+0300 SUCCESS 957628
Соня
2022-01-20T17:49:32.699235+0300 SUCCESS Сообщение от пользователя 549491369 Обрабатывается
2022-01-20T17:49:32.708444+0300 ERROR An error has been caught in function 'notify', process 'MainProcess' (31556), thread 'MainThread' (28100):
Traceback (most recent call last):

  File "C:/Users/wacko/PycharmProjects/kodbot_Deadwacko/main.py", line 767, in <module>
    executor.start_polling(dp)
    |        |             -> <aiogram.dispatcher.dispatcher.Dispatcher object at 0x000001CF3714CE08>
    |        -> <function start_polling at 0x000001CF35BEACA8>
    -> <module 'aiogram.utils.executor' from 'C:\\Users\\wacko\\AppData\\Local\\Programs\\Python\\Python37\\lib\\site-packages\\aiog...

  File "C:\Users\wacko\AppData\Local\Programs\Python\Python37\lib\site-packages\aiogram\utils\executor.py", line 50, in start_polling
    allowed_updates=allowed_updates
                    -> None

  File "C:\Users\wacko\AppData\Local\Programs\Python\Python37\lib\site-packages\aiogram\utils\executor.py", line 323, in start_polling
    loop.run_forever()
    |    -> <function BaseEventLoop.run_forever at 0x000001CF34B7CE58>
    -> <_WindowsSelectorEventLoop running=True closed=False debug=False>

  File "C:\Users\wacko\AppData\Local\Programs\Python\Python37\lib\asyncio\base_events.py", line 541, in run_forever
    self._run_once()
    |    -> <function BaseEventLoop._run_once at 0x000001CF34B7E948>
    -> <_WindowsSelectorEventLoop running=True closed=False debug=False>

  File "C:\Users\wacko\AppData\Local\Programs\Python\Python37\lib\asyncio\base_events.py", line 1786, in _run_once
    handle._run()
    |      -> <function Handle._run at 0x000001CF34B2D048>
    -> <Handle <TaskStepMethWrapper object at 0x000001CF372186C8>()>

  File "C:\Users\wacko\AppData\Local\Programs\Python\Python37\lib\asyncio\events.py", line 88, in _run
    self._context.run(self._callback, *self._args)
    |    |            |    |           |    -> <member '_args' of 'Handle' objects>
    |    |            |    |           -> <Handle <TaskStepMethWrapper object at 0x000001CF372186C8>()>
    |    |            |    -> <member '_callback' of 'Handle' objects>
    |    |            -> <Handle <TaskStepMethWrapper object at 0x000001CF372186C8>()>
    |    -> <member '_context' of 'Handle' objects>
    -> <Handle <TaskStepMethWrapper object at 0x000001CF372186C8>()>

  File "C:\Users\wacko\AppData\Local\Programs\Python\Python37\lib\site-packages\aiogram\dispatcher\handler.py", line 116, in notify
    response = await handler_obj.handler(*args, **partial_data)
                     |           |        |       -> {}
                     |           |        -> (<Update {"update_id": 452958129, "message": {"message_id": 1977, "from": {"id": 549491369, "is_bot": false, "first_name": "S...
                     |           -> <bound method Dispatcher.process_update of <aiogram.dispatcher.dispatcher.Dispatcher object at 0x000001CF3714CE08>>
                     -> Handler.HandlerObj(handler=<bound method Dispatcher.process_update of <aiogram.dispatcher.dispatcher.Dispatcher object at 0x0...

  File "C:\Users\wacko\AppData\Local\Programs\Python\Python37\lib\site-packages\aiogram\dispatcher\dispatcher.py", line 256, in process_update
    return await self.message_handlers.notify(update.message)
                 |    |                |      |      -> <aiogram.types.fields.Field object at 0x000001CF35B79A48>
                 |    |                |      -> <Update {"update_id": 452958129, "message": {"message_id": 1977, "from": {"id": 549491369, "is_bot": false, "first_name": "So...
                 |    |                -> <function Handler.notify at 0x000001CF35BFF5E8>
                 |    -> <aiogram.dispatcher.handler.Handler object at 0x000001CF3714CBC8>
                 -> <aiogram.dispatcher.dispatcher.Dispatcher object at 0x000001CF3714CE08>

> File "C:\Users\wacko\AppData\Local\Programs\Python\Python37\lib\site-packages\aiogram\dispatcher\handler.py", line 116, in notify
    response = await handler_obj.handler(*args, **partial_data)
                     |           |        |       -> {}
                     |           |        -> (<Message {"message_id": 1977, "from": {"id": 549491369, "is_bot": false, "first_name": "Sonya", "last_name": "Shishakova", "...
                     |           -> <function input_text_msg at 0x000001CF371A79D8>
                     -> Handler.HandlerObj(handler=<function input_text_msg at 0x000001CF371A79D8>, spec=FullArgSpec(args=['msg'], varargs=None, vark...

  File "C:/Users/wacko/PycharmProjects/kodbot_Deadwacko/main.py", line 376, in input_text_msg
    padawan_full_name=padawan_full_name)
                      -> 'Соня'

  File "C:\Users\wacko\PycharmProjects\kodbot_Deadwacko\working_with_json.py", line 71, in json_add_new_padawan
    input_group_name = json_group_find_pin(auth_padawan_pin)
                       |                   -> '957628'
                       -> <function json_group_find_pin at 0x000001CF35D86948>

  File "C:\Users\wacko\PycharmProjects\kodbot_Deadwacko\working_with_json.py", line 155, in json_group_find_pin
    json_data = json.load(f)
                |    |    -> <_io.TextIOWrapper name='data.JSON' mode='r' encoding='utf-8'>
                |    -> <function load at 0x000001CF34D421F8>
                -> <module 'json' from 'C:\\Users\\wacko\\AppData\\Local\\Programs\\Python\\Python37\\lib\\json\\__init__.py'>

  File "C:\Users\wacko\AppData\Local\Programs\Python\Python37\lib\json\__init__.py", line 296, in load
    parse_constant=parse_constant, object_pairs_hook=object_pairs_hook, **kw)
                   |                                 |                    -> {}
                   |                                 -> None
                   -> None

  File "C:\Users\wacko\AppData\Local\Programs\Python\Python37\lib\json\__init__.py", line 348, in loads
    return _default_decoder.decode(s)
           |                |      -> '{\n  "jedi": {\n    "397584737": {\n      "full_name": "Костюкевич Михаил",\n      "jedi_kodland_email": "None",\n      "pad...
           |                -> <function JSONDecoder.decode at 0x000001CF34D3CDC8>
           -> <json.decoder.JSONDecoder object at 0x000001CF34D5FCC8>

  File "C:\Users\wacko\AppData\Local\Programs\Python\Python37\lib\json\decoder.py", line 337, in decode
    obj, end = self.raw_decode(s, idx=_w(s, 0).end())
               |    |          |      |  -> '{\n  "jedi": {\n    "397584737": {\n      "full_name": "Костюкевич Михаил",\n      "jedi_kodland_email": "None",\n      "pad...
               |    |          |      -> <built-in method match of re.Pattern object at 0x000001CF34D264B0>
               |    |          -> '{\n  "jedi": {\n    "397584737": {\n      "full_name": "Костюкевич Михаил",\n      "jedi_kodland_email": "None",\n      "pad...
               |    -> <function JSONDecoder.raw_decode at 0x000001CF34D3CEE8>
               -> <json.decoder.JSONDecoder object at 0x000001CF34D5FCC8>

  File "C:\Users\wacko\AppData\Local\Programs\Python\Python37\lib\json\decoder.py", line 353, in raw_decode
    obj, end = self.scan_once(s, idx)
               |    |         |  -> 0
               |    |         -> '{\n  "jedi": {\n    "397584737": {\n      "full_name": "Костюкевич Михаил",\n      "jedi_kodland_email": "None",\n      "pad...
               |    -> <_json.Scanner object at 0x000001CF34D66408>
               -> <json.decoder.JSONDecoder object at 0x000001CF34D5FCC8>

json.decoder.JSONDecodeError: Expecting property name enclosed in double quotes: line 223 column 3 (char 6125)
2022-01-20T17:53:32.276248+0300 SUCCESS БОТ СТАРТАНУЛ
2022-01-20T17:53:59.234727+0300 SUCCESS БОТ СТАРТАНУЛ
2022-01-20T17:55:23.718467+0300 DEBUG пользователь 549491369 Нажал стартовую клавиатуру
2022-01-20T17:55:23.718467+0300 SUCCESS Нажали старт
2022-01-20T17:55:23.719466+0300 DEBUG пользователь 549491369 Нажал стартовую клавиатуру
2022-01-20T17:55:23.719466+0300 SUCCESS Нажали старт
2022-01-20T17:55:23.720467+0300 DEBUG пользователь 549491369 Нажал стартовую клавиатуру
2022-01-20T17:55:23.720467+0300 SUCCESS Нажали старт
2022-01-20T18:00:00.021696+0300 SUCCESS Сообщение отправлено пользователю:_  1682905146
2022-01-20T18:11:22.918104+0300 SUCCESS Ученик 549491369 Вводит код
2022-01-20T18:11:23.071982+0300 SUCCESS Смена статуса ученика 549491369 произведена на flag_add_padawan
2022-01-20T18:11:31.357506+0300 SUCCESS Пришло сообщение от пользователя 549491369
2022-01-20T18:11:31.357506+0300 SUCCESS 957628
Соня
2022-01-20T18:11:31.357506+0300 SUCCESS Сообщение от пользователя 549491369 Обрабатывается
2022-01-20T18:11:31.448343+0300 SUCCESS Ученик: Соня Группа: TEST_GROUP День занятий: ПятницаВремя занятий:17:00 Последнее занятие: М1У0 дабавлен в свою группу.
2022-01-20T18:16:02.535380+0300 SUCCESS БОТ СТАРТАНУЛ
2022-01-20T18:16:02.617221+0300 SUCCESS Добавлено напоминание
2022-01-20T18:16:10.852989+0300 SUCCESS БОТ СТАРТАНУЛ
2022-01-20T18:16:10.888998+0300 SUCCESS Добавлено напоминание
2022-01-20T18:17:00.021032+0300 SUCCESS Сообщение отправлено пользователю:_  343621687
2022-01-20T18:17:00.253888+0300 SUCCESS Сообщение отправлено пользователю:_  741897240
2022-01-20T18:17:00.362536+0300 SUCCESS Сообщение отправлено пользователю:_  461387868
2022-01-20T18:17:00.467972+0300 SUCCESS Сообщение отправлено пользователю:_  1026408343
2022-01-20T18:17:00.591543+0300 SUCCESS Сообщение отправлено пользователю:_  421236964
2022-01-20T18:17:00.762650+0300 SUCCESS Сообщение отправлено пользователю:_  1040453743
2022-01-20T18:17:00.955151+0300 SUCCESS Сообщение отправлено пользователю:_  556209660
2022-01-20T18:17:01.077411+0300 SUCCESS Сообщение отправлено пользователю:_  549491369
2022-01-20T18:19:47.739047+0300 DEBUG пользователь 664475103 Нажал стартовую клавиатуру
2022-01-20T18:19:47.740049+0300 SUCCESS Нажали старт
2022-01-20T18:19:49.780773+0300 SUCCESS Ученик 664475103 Вводит код
2022-01-20T18:19:49.877392+0300 SUCCESS Смена статуса ученика 664475103 произведена на flag_add_padawan
2022-01-20T18:19:59.479671+0300 SUCCESS Пришло сообщение от пользователя 664475103
2022-01-20T18:19:59.479671+0300 SUCCESS 105505
Поляков Иван
2022-01-20T18:19:59.479671+0300 SUCCESS Сообщение от пользователя 664475103 Обрабатывается
2022-01-20T18:19:59.591888+0300 SUCCESS Ученик: Поляков Иван Группа: Newmini_4018_В-18 День занятий: ВоскресеньеВремя занятий:18:00 Последнее занятие: М1У1 дабавлен в свою группу.
